#
# There is insufficient memory for the Java Runtime Environment to continue.
# Native memory allocation (mmap) failed to map 27262976 bytes for Failed to commit area from 0x0000000748000000 to 0x0000000749a00000 of length 27262976.
# Possible reasons:
#   The system is out of physical RAM or swap space
#   The process is running with CompressedOops enabled, and the Java Heap may be blocking the growth of the native heap
# Possible solutions:
#   Reduce memory load on the system
#   Increase physical memory or swap space
#   Check if swap backing store is full
#   Decrease Java heap size (-Xmx/-Xms)
#   Decrease number of Java threads
#   Decrease Java thread stack sizes (-Xss)
#   Set larger code cache with -XX:ReservedCodeCacheSize=
#   JVM is running with Zero Based Compressed Oops mode in which the Java heap is
#     placed in the first 32GB address space. The Java Heap base address is the
#     maximum limit for the native heap growth. Please use -XX:HeapBaseMinAddress
#     to set the Java Heap base and to place the Java Heap above 32GB virtual address.
# This output file may be truncated or incomplete.
#
#  Out of Memory Error (t:/workspace/open/src/hotspot/os/windows/os_windows.cpp:3301), pid=1644, tid=8360
#
# JRE version: Java(TM) SE Runtime Environment (13.0.1+9) (build 13.0.1+9)
# Java VM: Java HotSpot(TM) 64-Bit Server VM (13.0.1+9, mixed mode, sharing, tiered, compressed oops, g1 gc, windows-amd64)
# No core dump will be written. Minidumps are not enabled by default on client versions of Windows
#

---------------  S U M M A R Y ------------

Command Line: --add-opens=java.base/java.util=ALL-UNNAMED --add-opens=java.base/java.lang=ALL-UNNAMED --add-opens=java.base/java.lang.invoke=ALL-UNNAMED --add-opens=java.base/java.util=ALL-UNNAMED --add-opens=java.prefs/java.util.prefs=ALL-UNNAMED --add-opens=java.prefs/java.util.prefs=ALL-UNNAMED --add-opens=java.base/java.nio.charset=ALL-UNNAMED --add-opens=java.base/java.net=ALL-UNNAMED --add-opens=java.base/java.util.concurrent.atomic=ALL-UNNAMED -Xmx3G -Dfile.encoding=windows-1251 -Duser.country=RU -Duser.language=ru -Duser.variant org.gradle.launcher.daemon.bootstrap.GradleDaemon 7.5.1

Host: Intel(R) Core(TM) i5-6400 CPU @ 2.70GHz, 4 cores, 7G,  Windows 10 , 64 bit Build 18362 (10.0.18362.329)
Time: Tue Oct 31 13:13:18 2023 RTZ 2 (ceia) elapsed time: 3 seconds (0d 0h 0m 3s)

---------------  T H R E A D  ---------------

Current thread (0x000001d25a1ee800):  VMThread "VM Thread" [stack: 0x000000a5ca700000,0x000000a5ca800000] [id=8360]

Stack: [0x000000a5ca700000,0x000000a5ca800000]
[error occurred during error reporting (printing stack bounds), id 0xc0000005, EXCEPTION_ACCESS_VIOLATION (0xc0000005) at pc=0x000001d2419f10ad]

Native frames: (J=compiled Java code, j=interpreted, Vv=VM code, C=native code)
V  [jvm.dll+0x626eca]
V  [jvm.dll+0x772c6a]
V  [jvm.dll+0x77441f]
V  [jvm.dll+0x774985]
V  [jvm.dll+0x77493b]
V  [jvm.dll+0x6266ff]
C  [ntdll.dll+0x78646]
C  [ntdll.dll+0x6a0e6]
C  [ntdll.dll+0x9fe7e]
C  0x000001d2419f10ad

VM_Operation (0x000000a5cbaf4f60): CollectForMetadataAllocation, mode: safepoint, requested by thread 0x000001d25bddc000


---------------  P R O C E S S  ---------------

Threads class SMR info:
_java_thread_list=0x000001d2602e4eb0, length=29, elements={
0x000001d2394f4800, 0x000001d25a1f2800, 0x000001d25a1f7800, 0x000001d25a214000,
0x000001d25a215000, 0x000001d25a217800, 0x000001d25a21e000, 0x000001d25a21e800,
0x000001d25ac50000, 0x000001d25ac95000, 0x000001d25cc96000, 0x000001d25cde0800,
0x000001d25b9ed800, 0x000001d25bd8c000, 0x000001d25bd8d000, 0x000001d25c38a000,
0x000001d25bddc000, 0x000001d25c593000, 0x000001d25c594000, 0x000001d25cc2f800,
0x000001d25c7c1000, 0x000001d25c7c4800, 0x000001d25c7c5000, 0x000001d25d1b5000,
0x000001d25c7c6000, 0x000001d25c7c0800, 0x000001d25c7c7000, 0x000001d25c7c2000,
0x000001d25c7c2800
}

Java Threads: ( => current thread )
  0x000001d2394f4800 JavaThread "main" [_thread_blocked, id=10724, stack(0x000000a5ca100000,0x000000a5ca200000)]
  0x000001d25a1f2800 JavaThread "Reference Handler" daemon [_thread_blocked, id=10448, stack(0x000000a5ca800000,0x000000a5ca900000)]
  0x000001d25a1f7800 JavaThread "Finalizer" daemon [_thread_blocked, id=1652, stack(0x000000a5ca900000,0x000000a5caa00000)]
  0x000001d25a214000 JavaThread "Signal Dispatcher" daemon [_thread_blocked, id=4680, stack(0x000000a5caa00000,0x000000a5cab00000)]
  0x000001d25a215000 JavaThread "Attach Listener" daemon [_thread_blocked, id=5204, stack(0x000000a5cab00000,0x000000a5cac00000)]
  0x000001d25a217800 JavaThread "C2 CompilerThread0" daemon [_thread_in_native, id=1928, stack(0x000000a5cac00000,0x000000a5cad00000)]
  0x000001d25a21e000 JavaThread "C1 CompilerThread0" daemon [_thread_blocked, id=11980, stack(0x000000a5cad00000,0x000000a5cae00000)]
  0x000001d25a21e800 JavaThread "Sweeper thread" daemon [_thread_blocked, id=11332, stack(0x000000a5cae00000,0x000000a5caf00000)]
  0x000001d25ac50000 JavaThread "Common-Cleaner" daemon [_thread_blocked, id=4612, stack(0x000000a5caf00000,0x000000a5cb000000)]
  0x000001d25ac95000 JavaThread "Service Thread" daemon [_thread_blocked, id=9480, stack(0x000000a5cb000000,0x000000a5cb100000)]
  0x000001d25cc96000 JavaThread "Daemon health stats" [_thread_blocked, id=11604, stack(0x000000a5cb500000,0x000000a5cb600000)]
  0x000001d25cde0800 JavaThread "Incoming local TCP Connector on port 51130" [_thread_in_native, id=12572, stack(0x000000a5cb200000,0x000000a5cb300000)]
  0x000001d25b9ed800 JavaThread "Daemon periodic checks" [_thread_blocked, id=10812, stack(0x000000a5cb600000,0x000000a5cb700000)]
  0x000001d25bd8c000 JavaThread "Daemon" [_thread_blocked, id=3620, stack(0x000000a5cb700000,0x000000a5cb800000)]
  0x000001d25bd8d000 JavaThread "Handler for socket connection from /127.0.0.1:51130 to /127.0.0.1:51131" [_thread_in_native, id=5336, stack(0x000000a5cb800000,0x000000a5cb900000)]
  0x000001d25c38a000 JavaThread "Cancel handler" [_thread_blocked, id=13244, stack(0x000000a5cb900000,0x000000a5cba00000)]
  0x000001d25bddc000 JavaThread "Daemon worker" [_thread_blocked, id=780, stack(0x000000a5cba00000,0x000000a5cbb00000)]
  0x000001d25c593000 JavaThread "Asynchronous log dispatcher for DefaultDaemonConnection: socket connection from /127.0.0.1:51130 to /127.0.0.1:51131" [_thread_blocked, id=6256, stack(0x000000a5cbb00000,0x000000a5cbc00000)]
  0x000001d25c594000 JavaThread "Stdin handler" [_thread_blocked, id=2348, stack(0x000000a5cbc00000,0x000000a5cbd00000)]
  0x000001d25cc2f800 JavaThread "Daemon client event forwarder" [_thread_blocked, id=8828, stack(0x000000a5cbd00000,0x000000a5cbe00000)]
  0x000001d25c7c1000 JavaThread "Cache worker for journal cache (C:\Users\User\.gradle\caches\journal-1)" [_thread_blocked, id=12924, stack(0x000000a5cbf00000,0x000000a5cc000000)]
  0x000001d25c7c4800 JavaThread "File lock request listener" [_thread_in_native, id=7820, stack(0x000000a5cc000000,0x000000a5cc100000)]
  0x000001d25c7c5000 JavaThread "Cache worker for file hash cache (C:\Users\User\.gradle\caches\7.5.1\fileHashes)" [_thread_blocked, id=3248, stack(0x000000a5cc100000,0x000000a5cc200000)]
  0x000001d25d1b5000 JavaThread "C2 CompilerThread1" daemon [_thread_in_native, id=13228, stack(0x000000a5cc200000,0x000000a5cc300000)]
  0x000001d25c7c6000 JavaThread "File watcher server" daemon [_thread_in_native, id=11992, stack(0x000000a5cc300000,0x000000a5cc400000)]
  0x000001d25c7c0800 JavaThread "File watcher consumer" daemon [_thread_blocked, id=7200, stack(0x000000a5cc400000,0x000000a5cc500000)]
  0x000001d25c7c7000 JavaThread "Cache worker for checksums cache (D:\WIP.MODS\nukacraft_mod\.gradle\7.5.1\checksums)" [_thread_blocked, id=7020, stack(0x000000a5cc500000,0x000000a5cc600000)]
  0x000001d25c7c2000 JavaThread "Cache worker for cache directory md-rule (C:\Users\User\.gradle\caches\7.5.1\md-rule)" [_thread_blocked, id=5332, stack(0x000000a5cc600000,0x000000a5cc700000)]
  0x000001d25c7c2800 JavaThread "Cache worker for file content cache (C:\Users\User\.gradle\caches\7.5.1\fileContent)" [_thread_blocked, id=5996, stack(0x000000a5cc700000,0x000000a5cc800000)]

Other Threads:
=>0x000001d25a1ee800 VMThread "VM Thread" [stack: 0x000000a5ca700000,0x000000a5ca800000] [id=8360]
  0x000001d25ac9b800 WatcherThread [stack: 0x000000a5cb100000,0x000000a5cb200000] [id=7412]
  0x000001d239549800 GCTaskThread "GC Thread#0" [stack: 0x000000a5ca200000,0x000000a5ca300000] [id=3156]
  0x000001d25b5e0800 GCTaskThread "GC Thread#1" [stack: 0x000000a5cb300000,0x000000a5cb400000] [id=1680]
  0x000001d25ae0f800 GCTaskThread "GC Thread#2" [stack: 0x000000a5cb400000,0x000000a5cb500000] [id=12204]
  0x000001d25cce6000 GCTaskThread "GC Thread#3" [stack: 0x000000a5cbe00000,0x000000a5cbf00000] [id=12048]
  0x000001d239563000 ConcurrentGCThread "G1 Main Marker" [stack: 0x000000a5ca300000,0x000000a5ca400000] [id=13196]
  0x000001d239566000 ConcurrentGCThread "G1 Conc#0" [stack: 0x000000a5ca400000,0x000000a5ca500000] [id=12728]
  0x000001d25a067800 ConcurrentGCThread "G1 Refine#0" [stack: 0x000000a5ca500000,0x000000a5ca600000] [id=4496]
  0x000001d25a068800 ConcurrentGCThread "G1 Young RemSet Sampling" [stack: 0x000000a5ca600000,0x000000a5ca700000] [id=2728]

Threads with active compile tasks:
C2 CompilerThread0     4015 1928   !   4       java.lang.ClassLoader::loadClass (122 bytes)
C2 CompilerThread1     4015 2285   !   4       java.net.URL::<init> (543 bytes)

VM state:at safepoint (normal execution)

VM Mutex/Monitor currently owned by a thread:  ([mutex/lock_event])
[0x000001d2394ef540] Threads_lock - owner thread: 0x000001d25a1ee800
[0x000001d2394ef780] Heap_lock - owner thread: 0x000001d25bddc000

Heap address: 0x0000000740000000, size: 3072 MB, Compressed Oops mode: Zero based, Oop shift amount: 3
Narrow klass base: 0x0000000800000000, Narrow klass shift: 3
Compressed class space size: 1073741824 Address: 0x0000000800b40000

Heap:
 garbage-first heap   total 157696K, used 19731K [0x0000000740000000, 0x0000000800000000)
  region size 1024K, 4 young (4096K), 4 survivors (4096K)
 Metaspace       used 20489K, capacity 21196K, committed 21248K, reserved 1067008K
  class space    used 3071K, capacity 3303K, committed 3328K, reserved 1048576K
Heap Regions: E=young(eden), S=young(survivor), O=old, HS=humongous(starts), HC=humongous(continues), CS=collection set, F=free, A=archive, TAMS=top-at-mark-start (previous, next)
|   0|0x0000000740000000, 0x0000000740100000, 0x0000000740100000|100%|HS|  |TAMS 0x0000000740000000, 0x0000000740100000| Complete 
|   1|0x0000000740100000, 0x0000000740200000, 0x0000000740200000|100%|HC|  |TAMS 0x0000000740100000, 0x0000000740200000| Complete 
|   2|0x0000000740200000, 0x0000000740300000, 0x0000000740300000|100%|HC|  |TAMS 0x0000000740200000, 0x0000000740300000| Complete 
|   3|0x0000000740300000, 0x0000000740400000, 0x0000000740400000|100%| O|  |TAMS 0x0000000740300000, 0x0000000740400000| Untracked 
|   4|0x0000000740400000, 0x0000000740500000, 0x0000000740500000|100%| O|  |TAMS 0x0000000740400000, 0x0000000740500000| Untracked 
|   5|0x0000000740500000, 0x0000000740600000, 0x0000000740600000|100%| O|  |TAMS 0x0000000740500000, 0x0000000740600000| Untracked 
|   6|0x0000000740600000, 0x0000000740700000, 0x0000000740700000|100%| O|  |TAMS 0x0000000740600000, 0x0000000740700000| Untracked 
|   7|0x0000000740700000, 0x0000000740800000, 0x0000000740800000|100%| O|  |TAMS 0x0000000740700000, 0x0000000740800000| Untracked 
|   8|0x0000000740800000, 0x0000000740900000, 0x0000000740900000|100%| O|  |TAMS 0x0000000740800000, 0x0000000740900000| Untracked 
|   9|0x0000000740900000, 0x0000000740a00000, 0x0000000740a00000|100%| O|  |TAMS 0x0000000740900000, 0x0000000740a00000| Untracked 
|  10|0x0000000740a00000, 0x0000000740b00000, 0x0000000740b00000|100%| O|  |TAMS 0x0000000740a00000, 0x0000000740b00000| Untracked 
|  11|0x0000000740b00000, 0x0000000740c00000, 0x0000000740c00000|100%| O|  |TAMS 0x0000000740b00000, 0x0000000740c00000| Untracked 
|  12|0x0000000740c00000, 0x0000000740d00000, 0x0000000740d00000|100%| O|  |TAMS 0x0000000740c00000, 0x0000000740d00000| Untracked 
|  13|0x0000000740d00000, 0x0000000740e00000, 0x0000000740e00000|100%| O|  |TAMS 0x0000000740d00000, 0x0000000740e00000| Untracked 
|  14|0x0000000740e00000, 0x0000000740f00000, 0x0000000740f00000|100%| O|  |TAMS 0x0000000740e00000, 0x0000000740f00000| Untracked 
|  15|0x0000000740f00000, 0x0000000740f98800, 0x0000000741000000| 59%| O|  |TAMS 0x0000000740f00000, 0x0000000740f98800| Untracked 
|  16|0x0000000741000000, 0x0000000741000000, 0x0000000741100000|  0%| F|  |TAMS 0x0000000741000000, 0x0000000741000000| Untracked 
|  17|0x0000000741100000, 0x0000000741100000, 0x0000000741200000|  0%| F|  |TAMS 0x0000000741100000, 0x0000000741100000| Untracked 
|  18|0x0000000741200000, 0x0000000741200000, 0x0000000741300000|  0%| F|  |TAMS 0x0000000741200000, 0x0000000741200000| Untracked 
|  19|0x0000000741300000, 0x0000000741300000, 0x0000000741400000|  0%| F|  |TAMS 0x0000000741300000, 0x0000000741300000| Untracked 
|  20|0x0000000741400000, 0x0000000741400000, 0x0000000741500000|  0%| F|  |TAMS 0x0000000741400000, 0x0000000741400000| Untracked 
|  21|0x0000000741500000, 0x0000000741500000, 0x0000000741600000|  0%| F|  |TAMS 0x0000000741500000, 0x0000000741500000| Untracked 
|  22|0x0000000741600000, 0x0000000741600000, 0x0000000741700000|  0%| F|  |TAMS 0x0000000741600000, 0x0000000741600000| Untracked 
|  23|0x0000000741700000, 0x0000000741700000, 0x0000000741800000|  0%| F|  |TAMS 0x0000000741700000, 0x0000000741700000| Untracked 
|  24|0x0000000741800000, 0x0000000741800000, 0x0000000741900000|  0%| F|  |TAMS 0x0000000741800000, 0x0000000741800000| Untracked 
|  25|0x0000000741900000, 0x0000000741900000, 0x0000000741a00000|  0%| F|  |TAMS 0x0000000741900000, 0x0000000741900000| Untracked 
|  26|0x0000000741a00000, 0x0000000741a00000, 0x0000000741b00000|  0%| F|  |TAMS 0x0000000741a00000, 0x0000000741a00000| Untracked 
|  27|0x0000000741b00000, 0x0000000741b00000, 0x0000000741c00000|  0%| F|  |TAMS 0x0000000741b00000, 0x0000000741b00000| Untracked 
|  28|0x0000000741c00000, 0x0000000741c00000, 0x0000000741d00000|  0%| F|  |TAMS 0x0000000741c00000, 0x0000000741c00000| Untracked 
|  29|0x0000000741d00000, 0x0000000741d00000, 0x0000000741e00000|  0%| F|  |TAMS 0x0000000741d00000, 0x0000000741d00000| Untracked 
|  30|0x0000000741e00000, 0x0000000741e00000, 0x0000000741f00000|  0%| F|  |TAMS 0x0000000741e00000, 0x0000000741e00000| Untracked 
|  31|0x0000000741f00000, 0x0000000741f00000, 0x0000000742000000|  0%| F|  |TAMS 0x0000000741f00000, 0x0000000741f00000| Untracked 
|  32|0x0000000742000000, 0x0000000742000000, 0x0000000742100000|  0%| F|  |TAMS 0x0000000742000000, 0x0000000742000000| Untracked 
|  33|0x0000000742100000, 0x0000000742100000, 0x0000000742200000|  0%| F|  |TAMS 0x0000000742100000, 0x0000000742100000| Untracked 
|  34|0x0000000742200000, 0x0000000742200000, 0x0000000742300000|  0%| F|  |TAMS 0x0000000742200000, 0x0000000742200000| Untracked 
|  35|0x0000000742300000, 0x0000000742300000, 0x0000000742400000|  0%| F|  |TAMS 0x0000000742300000, 0x0000000742300000| Untracked 
|  36|0x0000000742400000, 0x0000000742400000, 0x0000000742500000|  0%| F|  |TAMS 0x0000000742400000, 0x0000000742400000| Untracked 
|  37|0x0000000742500000, 0x0000000742500000, 0x0000000742600000|  0%| F|  |TAMS 0x0000000742500000, 0x0000000742500000| Untracked 
|  38|0x0000000742600000, 0x0000000742600000, 0x0000000742700000|  0%| F|  |TAMS 0x0000000742600000, 0x0000000742600000| Untracked 
|  39|0x0000000742700000, 0x0000000742700000, 0x0000000742800000|  0%| F|  |TAMS 0x0000000742700000, 0x0000000742700000| Untracked 
|  40|0x0000000742800000, 0x0000000742800000, 0x0000000742900000|  0%| F|  |TAMS 0x0000000742800000, 0x0000000742800000| Untracked 
|  41|0x0000000742900000, 0x0000000742900000, 0x0000000742a00000|  0%| F|  |TAMS 0x0000000742900000, 0x0000000742900000| Untracked 
|  42|0x0000000742a00000, 0x0000000742a00000, 0x0000000742b00000|  0%| F|  |TAMS 0x0000000742a00000, 0x0000000742a00000| Untracked 
|  43|0x0000000742b00000, 0x0000000742b00000, 0x0000000742c00000|  0%| F|  |TAMS 0x0000000742b00000, 0x0000000742b00000| Untracked 
|  44|0x0000000742c00000, 0x0000000742c00000, 0x0000000742d00000|  0%| F|  |TAMS 0x0000000742c00000, 0x0000000742c00000| Untracked 
|  45|0x0000000742d00000, 0x0000000742d00000, 0x0000000742e00000|  0%| F|  |TAMS 0x0000000742d00000, 0x0000000742d00000| Untracked 
|  46|0x0000000742e00000, 0x0000000742e00000, 0x0000000742f00000|  0%| F|  |TAMS 0x0000000742e00000, 0x0000000742e00000| Untracked 
|  47|0x0000000742f00000, 0x0000000742f00000, 0x0000000743000000|  0%| F|  |TAMS 0x0000000742f00000, 0x0000000742f00000| Untracked 
|  48|0x0000000743000000, 0x0000000743000000, 0x0000000743100000|  0%| F|  |TAMS 0x0000000743000000, 0x0000000743000000| Untracked 
|  49|0x0000000743100000, 0x0000000743100000, 0x0000000743200000|  0%| F|  |TAMS 0x0000000743100000, 0x0000000743100000| Untracked 
|  50|0x0000000743200000, 0x0000000743200000, 0x0000000743300000|  0%| F|  |TAMS 0x0000000743200000, 0x0000000743200000| Untracked 
|  51|0x0000000743300000, 0x0000000743300000, 0x0000000743400000|  0%| F|  |TAMS 0x0000000743300000, 0x0000000743300000| Untracked 
|  52|0x0000000743400000, 0x0000000743400000, 0x0000000743500000|  0%| F|  |TAMS 0x0000000743400000, 0x0000000743400000| Untracked 
|  53|0x0000000743500000, 0x0000000743500000, 0x0000000743600000|  0%| F|  |TAMS 0x0000000743500000, 0x0000000743500000| Untracked 
|  54|0x0000000743600000, 0x0000000743600000, 0x0000000743700000|  0%| F|  |TAMS 0x0000000743600000, 0x0000000743600000| Untracked 
|  55|0x0000000743700000, 0x0000000743700000, 0x0000000743800000|  0%| F|  |TAMS 0x0000000743700000, 0x0000000743700000| Untracked 
|  56|0x0000000743800000, 0x0000000743800000, 0x0000000743900000|  0%| F|  |TAMS 0x0000000743800000, 0x0000000743800000| Untracked 
|  57|0x0000000743900000, 0x0000000743900000, 0x0000000743a00000|  0%| F|  |TAMS 0x0000000743900000, 0x0000000743900000| Untracked 
|  58|0x0000000743a00000, 0x0000000743a00000, 0x0000000743b00000|  0%| F|  |TAMS 0x0000000743a00000, 0x0000000743a00000| Untracked 
|  59|0x0000000743b00000, 0x0000000743b00000, 0x0000000743c00000|  0%| F|  |TAMS 0x0000000743b00000, 0x0000000743b00000| Untracked 
|  60|0x0000000743c00000, 0x0000000743c00000, 0x0000000743d00000|  0%| F|  |TAMS 0x0000000743c00000, 0x0000000743c00000| Untracked 
|  61|0x0000000743d00000, 0x0000000743d00000, 0x0000000743e00000|  0%| F|  |TAMS 0x0000000743d00000, 0x0000000743d00000| Untracked 
|  62|0x0000000743e00000, 0x0000000743e00000, 0x0000000743f00000|  0%| F|  |TAMS 0x0000000743e00000, 0x0000000743e00000| Untracked 
|  63|0x0000000743f00000, 0x0000000743f00000, 0x0000000744000000|  0%| F|  |TAMS 0x0000000743f00000, 0x0000000743f00000| Untracked 
|  64|0x0000000744000000, 0x0000000744000000, 0x0000000744100000|  0%| F|  |TAMS 0x0000000744000000, 0x0000000744000000| Untracked 
|  65|0x0000000744100000, 0x00000007441ac7f0, 0x0000000744200000| 67%| S|CS|TAMS 0x0000000744100000, 0x0000000744100000| Complete 
|  66|0x0000000744200000, 0x0000000744300000, 0x0000000744300000|100%| S|CS|TAMS 0x0000000744200000, 0x0000000744200000| Complete 
|  67|0x0000000744300000, 0x0000000744400000, 0x0000000744400000|100%| S|CS|TAMS 0x0000000744300000, 0x0000000744300000| Complete 
|  68|0x0000000744400000, 0x0000000744500000, 0x0000000744500000|100%| S|CS|TAMS 0x0000000744400000, 0x0000000744400000| Complete 
|  69|0x0000000744500000, 0x0000000744500000, 0x0000000744600000|  0%| F|  |TAMS 0x0000000744500000, 0x0000000744500000| Untracked 
|  70|0x0000000744600000, 0x0000000744600000, 0x0000000744700000|  0%| F|  |TAMS 0x0000000744600000, 0x0000000744600000| Untracked 
|  71|0x0000000744700000, 0x0000000744700000, 0x0000000744800000|  0%| F|  |TAMS 0x0000000744700000, 0x0000000744700000| Untracked 
|  72|0x0000000744800000, 0x0000000744800000, 0x0000000744900000|  0%| F|  |TAMS 0x0000000744800000, 0x0000000744800000| Untracked 
|  73|0x0000000744900000, 0x0000000744900000, 0x0000000744a00000|  0%| F|  |TAMS 0x0000000744900000, 0x0000000744900000| Untracked 
|  74|0x0000000744a00000, 0x0000000744a00000, 0x0000000744b00000|  0%| F|  |TAMS 0x0000000744a00000, 0x0000000744a00000| Untracked 
|  75|0x0000000744b00000, 0x0000000744b00000, 0x0000000744c00000|  0%| F|  |TAMS 0x0000000744b00000, 0x0000000744b00000| Untracked 
|  76|0x0000000744c00000, 0x0000000744c00000, 0x0000000744d00000|  0%| F|  |TAMS 0x0000000744c00000, 0x0000000744c00000| Untracked 
|  77|0x0000000744d00000, 0x0000000744d00000, 0x0000000744e00000|  0%| F|  |TAMS 0x0000000744d00000, 0x0000000744d00000| Untracked 
|  78|0x0000000744e00000, 0x0000000744e00000, 0x0000000744f00000|  0%| F|  |TAMS 0x0000000744e00000, 0x0000000744e00000| Untracked 
|  79|0x0000000744f00000, 0x0000000744f00000, 0x0000000745000000|  0%| F|  |TAMS 0x0000000744f00000, 0x0000000744f00000| Untracked 
|  80|0x0000000745000000, 0x0000000745000000, 0x0000000745100000|  0%| F|  |TAMS 0x0000000745000000, 0x0000000745000000| Untracked 
|  81|0x0000000745100000, 0x0000000745100000, 0x0000000745200000|  0%| F|  |TAMS 0x0000000745100000, 0x0000000745100000| Untracked 
|  82|0x0000000745200000, 0x0000000745200000, 0x0000000745300000|  0%| F|  |TAMS 0x0000000745200000, 0x0000000745200000| Untracked 
|  83|0x0000000745300000, 0x0000000745300000, 0x0000000745400000|  0%| F|  |TAMS 0x0000000745300000, 0x0000000745300000| Untracked 
|  84|0x0000000745400000, 0x0000000745400000, 0x0000000745500000|  0%| F|  |TAMS 0x0000000745400000, 0x0000000745400000| Untracked 
|  85|0x0000000745500000, 0x0000000745500000, 0x0000000745600000|  0%| F|  |TAMS 0x0000000745500000, 0x0000000745500000| Untracked 
|  86|0x0000000745600000, 0x0000000745600000, 0x0000000745700000|  0%| F|  |TAMS 0x0000000745600000, 0x0000000745600000| Untracked 
|  87|0x0000000745700000, 0x0000000745700000, 0x0000000745800000|  0%| F|  |TAMS 0x0000000745700000, 0x0000000745700000| Untracked 
|  88|0x0000000745800000, 0x0000000745800000, 0x0000000745900000|  0%| F|  |TAMS 0x0000000745800000, 0x0000000745800000| Untracked 
|  89|0x0000000745900000, 0x0000000745900000, 0x0000000745a00000|  0%| F|  |TAMS 0x0000000745900000, 0x0000000745900000| Untracked 
|  90|0x0000000745a00000, 0x0000000745a00000, 0x0000000745b00000|  0%| F|  |TAMS 0x0000000745a00000, 0x0000000745a00000| Untracked 
|  91|0x0000000745b00000, 0x0000000745b00000, 0x0000000745c00000|  0%| F|  |TAMS 0x0000000745b00000, 0x0000000745b00000| Untracked 
|  92|0x0000000745c00000, 0x0000000745c00000, 0x0000000745d00000|  0%| F|  |TAMS 0x0000000745c00000, 0x0000000745c00000| Untracked 
|  93|0x0000000745d00000, 0x0000000745d00000, 0x0000000745e00000|  0%| F|  |TAMS 0x0000000745d00000, 0x0000000745d00000| Untracked 
|  94|0x0000000745e00000, 0x0000000745e00000, 0x0000000745f00000|  0%| F|  |TAMS 0x0000000745e00000, 0x0000000745e00000| Untracked 
|  95|0x0000000745f00000, 0x0000000745f00000, 0x0000000746000000|  0%| F|  |TAMS 0x0000000745f00000, 0x0000000745f00000| Untracked 
|  96|0x0000000746000000, 0x0000000746000000, 0x0000000746100000|  0%| F|  |TAMS 0x0000000746000000, 0x0000000746000000| Untracked 
|  97|0x0000000746100000, 0x0000000746100000, 0x0000000746200000|  0%| F|  |TAMS 0x0000000746100000, 0x0000000746100000| Untracked 
|  98|0x0000000746200000, 0x0000000746200000, 0x0000000746300000|  0%| F|  |TAMS 0x0000000746200000, 0x0000000746200000| Untracked 
|  99|0x0000000746300000, 0x0000000746300000, 0x0000000746400000|  0%| F|  |TAMS 0x0000000746300000, 0x0000000746300000| Untracked 
| 100|0x0000000746400000, 0x0000000746400000, 0x0000000746500000|  0%| F|  |TAMS 0x0000000746400000, 0x0000000746400000| Untracked 
| 101|0x0000000746500000, 0x0000000746500000, 0x0000000746600000|  0%| F|  |TAMS 0x0000000746500000, 0x0000000746500000| Untracked 
| 102|0x0000000746600000, 0x0000000746600000, 0x0000000746700000|  0%| F|  |TAMS 0x0000000746600000, 0x0000000746600000| Untracked 
| 103|0x0000000746700000, 0x0000000746700000, 0x0000000746800000|  0%| F|  |TAMS 0x0000000746700000, 0x0000000746700000| Untracked 
| 104|0x0000000746800000, 0x0000000746800000, 0x0000000746900000|  0%| F|  |TAMS 0x0000000746800000, 0x0000000746800000| Untracked 
| 105|0x0000000746900000, 0x0000000746900000, 0x0000000746a00000|  0%| F|  |TAMS 0x0000000746900000, 0x0000000746900000| Untracked 
| 106|0x0000000746a00000, 0x0000000746a00000, 0x0000000746b00000|  0%| F|  |TAMS 0x0000000746a00000, 0x0000000746a00000| Untracked 
| 107|0x0000000746b00000, 0x0000000746b00000, 0x0000000746c00000|  0%| F|  |TAMS 0x0000000746b00000, 0x0000000746b00000| Untracked 
| 108|0x0000000746c00000, 0x0000000746c00000, 0x0000000746d00000|  0%| F|  |TAMS 0x0000000746c00000, 0x0000000746c00000| Untracked 
| 109|0x0000000746d00000, 0x0000000746d00000, 0x0000000746e00000|  0%| F|  |TAMS 0x0000000746d00000, 0x0000000746d00000| Untracked 
| 110|0x0000000746e00000, 0x0000000746e00000, 0x0000000746f00000|  0%| F|  |TAMS 0x0000000746e00000, 0x0000000746e00000| Untracked 
| 111|0x0000000746f00000, 0x0000000746f00000, 0x0000000747000000|  0%| F|  |TAMS 0x0000000746f00000, 0x0000000746f00000| Untracked 
| 112|0x0000000747000000, 0x0000000747000000, 0x0000000747100000|  0%| F|  |TAMS 0x0000000747000000, 0x0000000747000000| Untracked 
| 113|0x0000000747100000, 0x0000000747100000, 0x0000000747200000|  0%| F|  |TAMS 0x0000000747100000, 0x0000000747100000| Untracked 
| 114|0x0000000747200000, 0x0000000747200000, 0x0000000747300000|  0%| F|  |TAMS 0x0000000747200000, 0x0000000747200000| Untracked 
| 115|0x0000000747300000, 0x0000000747300000, 0x0000000747400000|  0%| F|  |TAMS 0x0000000747300000, 0x0000000747300000| Untracked 
| 116|0x0000000747400000, 0x0000000747400000, 0x0000000747500000|  0%| F|  |TAMS 0x0000000747400000, 0x0000000747400000| Untracked 
| 117|0x0000000747500000, 0x0000000747500000, 0x0000000747600000|  0%| F|  |TAMS 0x0000000747500000, 0x0000000747500000| Untracked 
| 118|0x0000000747600000, 0x0000000747600000, 0x0000000747700000|  0%| F|  |TAMS 0x0000000747600000, 0x0000000747600000| Untracked 
| 119|0x0000000747700000, 0x0000000747700000, 0x0000000747800000|  0%| F|  |TAMS 0x0000000747700000, 0x0000000747700000| Untracked 
| 120|0x0000000747800000, 0x0000000747800000, 0x0000000747900000|  0%| F|  |TAMS 0x0000000747800000, 0x0000000747800000| Untracked 
| 121|0x0000000747900000, 0x0000000747900000, 0x0000000747a00000|  0%| F|  |TAMS 0x0000000747900000, 0x0000000747900000| Untracked 
| 122|0x0000000747a00000, 0x0000000747a00000, 0x0000000747b00000|  0%| F|  |TAMS 0x0000000747a00000, 0x0000000747a00000| Untracked 
| 123|0x0000000747b00000, 0x0000000747b00000, 0x0000000747c00000|  0%| F|  |TAMS 0x0000000747b00000, 0x0000000747b00000| Untracked 
| 124|0x0000000747c00000, 0x0000000747c00000, 0x0000000747d00000|  0%| F|  |TAMS 0x0000000747c00000, 0x0000000747c00000| Untracked 
| 125|0x0000000747d00000, 0x0000000747d00000, 0x0000000747e00000|  0%| F|  |TAMS 0x0000000747d00000, 0x0000000747d00000| Untracked 
| 126|0x0000000747e00000, 0x0000000747e00000, 0x0000000747f00000|  0%| F|  |TAMS 0x0000000747e00000, 0x0000000747e00000| Untracked 
| 127|0x0000000747f00000, 0x0000000747f00000, 0x0000000748000000|  0%| F|  |TAMS 0x0000000747f00000, 0x0000000747f00000| Untracked 

Card table byte_map: [0x000001d250ff0000,0x000001d2515f0000] _byte_map_base: 0x000001d24d5f0000

Marking Bits (Prev, Next): (CMBitMap*) 0x000001d23954a418, (CMBitMap*) 0x000001d23954a458
 Prev Bits: [0x000001d251bf0000, 0x000001d254bf0000)
 Next Bits: [0x000001d254bf0000, 0x000001d257bf0000)

Polling page: 0x000001d237220000

Metaspace:

Usage:
  Non-class:     17.47 MB capacity,    17.01 MB ( 97%) used,   425.05 KB (  2%) free+waste,    50.50 KB ( <1%) overhead. 
      Class:      3.23 MB capacity,     3.00 MB ( 93%) used,   203.22 KB (  6%) free+waste,    28.06 KB ( <1%) overhead. 
       Both:     20.70 MB capacity,    20.01 MB ( 97%) used,   628.27 KB (  3%) free+waste,    78.56 KB ( <1%) overhead. 

Virtual space:
  Non-class space:       18.00 MB reserved,      17.50 MB ( 97%) committed 
      Class space:        1.00 GB reserved,       3.25 MB ( <1%) committed 
             Both:        1.02 GB reserved,      20.75 MB (  2%) committed 

Chunk freelists:
   Non-Class:  27.00 KB
       Class:  25.00 KB
        Both:  52.00 KB

MaxMetaspaceSize: 17179869184.00 GB
CompressedClassSpaceSize: 1.00 GB

CodeHeap 'non-profiled nmethods': size=120064Kb used=1217Kb max_used=1217Kb free=118846Kb
 bounds [0x000001d2494b0000, 0x000001d249720000, 0x000001d2509f0000]
CodeHeap 'profiled nmethods': size=120000Kb used=5075Kb max_used=5075Kb free=114925Kb
 bounds [0x000001d241f80000, 0x000001d242480000, 0x000001d2494b0000]
CodeHeap 'non-nmethods': size=5696Kb used=1248Kb max_used=1282Kb free=4447Kb
 bounds [0x000001d2419f0000, 0x000001d241c60000, 0x000001d241f80000]
 total_blobs=3722 nmethods=2248 adapters=423
 compilation: enabled
              stopped_count=0, restarted_count=0
 full_count=0

Compilation events (20 events):
Event: 3.975 Thread 0x000001d25a21e000 2359       3       org.objectweb.asm.Frame::pop (53 bytes)
Event: 3.976 Thread 0x000001d25a21e000 nmethod 2359 0x000001d24246f590 code [0x000001d24246f7e0, 0x000001d24246ffa0]
Event: 3.976 Thread 0x000001d25a21e000 2357       3       org.objectweb.asm.MethodWriter::visitMethodInsn (191 bytes)
Event: 3.976 Thread 0x000001d25a21e000 nmethod 2357 0x000001d242470290 code [0x000001d2424704e0, 0x000001d242470e30]
Event: 3.976 Thread 0x000001d25a21e000 2360       3       com.google.common.collect.RegularImmutableSet::iterator (8 bytes)
Event: 3.976 Thread 0x000001d25a21e000 nmethod 2360 0x000001d242471190 code [0x000001d242471340, 0x000001d242471570]
Event: 3.976 Thread 0x000001d25a21e000 2361       3       com.google.common.collect.Iterators::forArray (9 bytes)
Event: 3.976 Thread 0x000001d25a21e000 nmethod 2361 0x000001d242471690 code [0x000001d242471840, 0x000001d2424719d0]
Event: 3.976 Thread 0x000001d25a21e000 2362       1       org.gradle.internal.instantiation.generator.AbstractClassGenerator$PropertyMetadata::getOverridableGetters (5 bytes)
Event: 3.976 Thread 0x000001d25a21e000 nmethod 2362 0x000001d2495dfe90 code [0x000001d2495e0020, 0x000001d2495e0158]
Event: 3.978 Thread 0x000001d25a21e000 2364       3       org.objectweb.asm.SymbolTable::hash (15 bytes)
Event: 3.978 Thread 0x000001d25a21e000 nmethod 2364 0x000001d242471a90 code [0x000001d242471c40, 0x000001d242471e20]
Event: 3.978 Thread 0x000001d25a21e000 2365       3       org.objectweb.asm.Frame::push (59 bytes)
Event: 3.978 Thread 0x000001d25a21e000 nmethod 2365 0x000001d242471f90 code [0x000001d2424721e0, 0x000001d2424729c0]
Event: 3.978 Thread 0x000001d25a21e000 2366       3       org.objectweb.asm.Attribute::computeAttributesSize (62 bytes)
Event: 3.979 Thread 0x000001d25a21e000 nmethod 2366 0x000001d242472d10 code [0x000001d242472ee0, 0x000001d242473270]
Event: 3.979 Thread 0x000001d25a21e000 2367       3       org.objectweb.asm.AnnotationWriter::computeAnnotationsSize (66 bytes)
Event: 3.979 Thread 0x000001d25a21e000 nmethod 2367 0x000001d242473410 code [0x000001d242473600, 0x000001d242473980]
Event: 3.979 Thread 0x000001d25a21e000 2368       3       jdk.internal.reflect.NativeConstructorAccessorImpl::newInstance (89 bytes)
Event: 3.981 Thread 0x000001d25a21e000 nmethod 2368 0x000001d242473b10 code [0x000001d242473dc0, 0x000001d242474d80]

GC Heap History (11 events):
Event: 0.387 GC heap before
{Heap before GC invocations=0 (full 0):
 garbage-first heap   total 131072K, used 16384K [0x0000000740000000, 0x0000000800000000)
  region size 1024K, 14 young (14336K), 0 survivors (0K)
 Metaspace       used 1143K, capacity 4891K, committed 5120K, reserved 1056768K
  class space    used 96K, capacity 480K, committed 512K, reserved 1048576K
}
Event: 0.392 GC heap after
{Heap after GC invocations=1 (full 0):
 garbage-first heap   total 131072K, used 4076K [0x0000000740000000, 0x0000000800000000)
  region size 1024K, 2 young (2048K), 2 survivors (2048K)
 Metaspace       used 1143K, capacity 4891K, committed 5120K, reserved 1056768K
  class space    used 96K, capacity 480K, committed 512K, reserved 1048576K
}
Event: 0.726 GC heap before
{Heap before GC invocations=1 (full 0):
 garbage-first heap   total 131072K, used 19436K [0x0000000740000000, 0x0000000800000000)
  region size 1024K, 14 young (14336K), 2 survivors (2048K)
 Metaspace       used 3339K, capacity 6293K, committed 6400K, reserved 1056768K
  class space    used 433K, capacity 739K, committed 768K, reserved 1048576K
}
Event: 0.729 GC heap after
{Heap after GC invocations=2 (full 0):
 garbage-first heap   total 131072K, used 9494K [0x0000000740000000, 0x0000000800000000)
  region size 1024K, 2 young (2048K), 2 survivors (2048K)
 Metaspace       used 3339K, capacity 6293K, committed 6400K, reserved 1056768K
  class space    used 433K, capacity 739K, committed 768K, reserved 1048576K
}
Event: 1.190 GC heap before
{Heap before GC invocations=2 (full 0):
 garbage-first heap   total 131072K, used 37142K [0x0000000740000000, 0x0000000800000000)
  region size 1024K, 30 young (30720K), 2 survivors (2048K)
 Metaspace       used 4301K, capacity 6832K, committed 7040K, reserved 1056768K
  class space    used 531K, capacity 812K, committed 896K, reserved 1048576K
}
Event: 1.193 GC heap after
{Heap after GC invocations=3 (full 0):
 garbage-first heap   total 131072K, used 11284K [0x0000000740000000, 0x0000000800000000)
  region size 1024K, 4 young (4096K), 4 survivors (4096K)
 Metaspace       used 4301K, capacity 6832K, committed 7040K, reserved 1056768K
  class space    used 531K, capacity 812K, committed 896K, reserved 1048576K
}
Event: 2.506 GC heap before
{Heap before GC invocations=3 (full 0):
 garbage-first heap   total 131072K, used 55316K [0x0000000740000000, 0x0000000800000000)
  region size 1024K, 46 young (47104K), 4 survivors (4096K)
 Metaspace       used 9470K, capacity 9901K, committed 9984K, reserved 1058816K
  class space    used 1328K, capacity 1465K, committed 1536K, reserved 1048576K
}
Event: 2.512 GC heap after
{Heap after GC invocations=4 (full 0):
 garbage-first heap   total 131072K, used 16103K [0x0000000740000000, 0x0000000800000000)
  region size 1024K, 6 young (6144K), 6 survivors (6144K)
 Metaspace       used 9470K, capacity 9901K, committed 9984K, reserved 1058816K
  class space    used 1328K, capacity 1465K, committed 1536K, reserved 1048576K
}
Event: 3.045 GC heap before
{Heap before GC invocations=4 (full 0):
 garbage-first heap   total 131072K, used 68327K [0x0000000740000000, 0x0000000800000000)
  region size 1024K, 57 young (58368K), 6 survivors (6144K)
 Metaspace       used 14609K, capacity 15176K, committed 15488K, reserved 1062912K
  class space    used 2159K, capacity 2352K, committed 2432K, reserved 1048576K
}
Event: 3.051 GC heap after
{Heap after GC invocations=5 (full 0):
 garbage-first heap   total 131072K, used 17888K [0x0000000740000000, 0x0000000800000000)
  region size 1024K, 2 young (2048K), 2 survivors (2048K)
 Metaspace       used 14609K, capacity 15176K, committed 15488K, reserved 1062912K
  class space    used 2159K, capacity 2352K, committed 2432K, reserved 1048576K
}
Event: 3.990 GC heap before
{Heap before GC invocations=5 (full 0):
 garbage-first heap   total 131072K, used 75232K [0x0000000740000000, 0x0000000800000000)
  region size 1024K, 59 young (60416K), 2 survivors (2048K)
 Metaspace       used 20489K, capacity 21196K, committed 21248K, reserved 1067008K
  class space    used 3071K, capacity 3303K, committed 3328K, reserved 1048576K
}

Deoptimization events (20 events):
Event: 2.890 Thread 0x000001d25bddc000 Uncommon trap: trap_request=0xffffffc6 fr.pc=0x000001d24950ad60 relative=0x00000000000005e0
Event: 2.890 Thread 0x000001d25bddc000 Uncommon trap: reason=bimorphic_or_optimized_type_check action=maybe_recompile pc=0x000001d24950ad60 method=java.util.concurrent.ConcurrentHashMap.get(Ljava/lang/Object;)Ljava/lang/Object; @ 149 c2
Event: 2.890 Thread 0x000001d25bddc000 DEOPT PACKING pc=0x000001d24950ad60 sp=0x000000a5cbafb090
Event: 2.890 Thread 0x000001d25bddc000 DEOPT UNPACKING pc=0x000001d241a3912f sp=0x000000a5cbafb030 mode 2
Event: 3.123 Thread 0x000001d25bddc000 Uncommon trap: trap_request=0xffffff45 fr.pc=0x000001d2495ba7ac relative=0x000000000000026c
Event: 3.123 Thread 0x000001d25bddc000 Uncommon trap: reason=unstable_if action=reinterpret pc=0x000001d2495ba7ac method=java.util.concurrent.ConcurrentHashMap.get(Ljava/lang/Object;)Ljava/lang/Object; @ 76 c2
Event: 3.123 Thread 0x000001d25bddc000 DEOPT PACKING pc=0x000001d2495ba7ac sp=0x000000a5cbaf9d40
Event: 3.123 Thread 0x000001d25bddc000 DEOPT UNPACKING pc=0x000001d241a3912f sp=0x000000a5cbaf9ca8 mode 2
Event: 3.378 Thread 0x000001d25bddc000 DEOPT PACKING pc=0x000001d24240cd80 sp=0x000000a5cbaf8530
Event: 3.378 Thread 0x000001d25bddc000 DEOPT UNPACKING pc=0x000001d241a3964e sp=0x000000a5cbaf7a50 mode 0
Event: 3.381 Thread 0x000001d25bddc000 DEOPT PACKING pc=0x000001d24240dc66 sp=0x000000a5cbaf8570
Event: 3.381 Thread 0x000001d25bddc000 DEOPT UNPACKING pc=0x000001d241a3964e sp=0x000000a5cbaf7a50 mode 0
Event: 3.687 Thread 0x000001d25bddc000 Uncommon trap: trap_request=0xffffff45 fr.pc=0x000001d24954392c relative=0x000000000000058c
Event: 3.687 Thread 0x000001d25bddc000 Uncommon trap: reason=unstable_if action=reinterpret pc=0x000001d24954392c method=java.util.Properties$LineReader.readLine()I @ 95 c2
Event: 3.687 Thread 0x000001d25bddc000 DEOPT PACKING pc=0x000001d24954392c sp=0x000000a5cbafaee0
Event: 3.687 Thread 0x000001d25bddc000 DEOPT UNPACKING pc=0x000001d241a3912f sp=0x000000a5cbafae80 mode 2
Event: 3.758 Thread 0x000001d25bddc000 Uncommon trap: trap_request=0xffffff5c fr.pc=0x000001d2495dd2a4 relative=0x0000000000000124
Event: 3.758 Thread 0x000001d25bddc000 Uncommon trap: reason=speculate_null_check action=make_not_entrant pc=0x000001d2495dd2a4 method=java.net.URLClassLoader.findClass(Ljava/lang/String;)Ljava/lang/Class; @ 33 c2
Event: 3.758 Thread 0x000001d25bddc000 DEOPT PACKING pc=0x000001d2495dd2a4 sp=0x000000a5cbaf26d0
Event: 3.758 Thread 0x000001d25bddc000 DEOPT UNPACKING pc=0x000001d241a3912f sp=0x000000a5cbaf2660 mode 2

Classes unloaded (0 events):
No events

Classes redefined (0 events):
No events

Internal exceptions (20 events):
Event: 2.853 Thread 0x000001d25bddc000 Exception <a 'java/lang/NoSuchMethodError'{0x0000000745e903e0}: 'int java.lang.invoke.DirectMethodHandle$Holder.invokeSpecialIFC(java.lang.Object, java.lang.Object, java.lang.Object, java.lang.Object)'> (0x0000000745e903e0) 
thrown [t:/workspace/open/src/hotspot/share/interpreter/linkResolver.cpp, line 767]
Event: 2.855 Thread 0x000001d25bddc000 Exception <a 'java/lang/NoSuchMethodError'{0x0000000745e9dce8}: 'java.lang.Object java.lang.invoke.DirectMethodHandle$Holder.invokeInterface(java.lang.Object, java.lang.Object, java.lang.Object)'> (0x0000000745e9dce8) 
thrown [t:/workspace/open/src/hotspot/share/interpreter/linkResolver.cpp, line 767]
Event: 2.855 Thread 0x000001d25bddc000 Exception <a 'java/lang/IncompatibleClassChangeError'{0x0000000745ea0e98}: Found class java.lang.Object, but interface was expected> (0x0000000745ea0e98) 
thrown [t:/workspace/open/src/hotspot/share/interpreter/linkResolver.cpp, line 833]
Event: 2.959 Thread 0x000001d25bddc000 Exception <a 'java/lang/NoSuchMethodError'{0x00000007457f1988}: 'void java.lang.invoke.DirectMethodHandle$Holder.invokeSpecial(java.lang.Object, java.lang.Object, java.lang.Object, java.lang.Object, java.lang.Object)'> (0x00000007457f1988) 
thrown [t:/workspace/open/src/hotspot/share/interpreter/linkResolver.cpp, line 767]
Event: 2.984 Thread 0x000001d25bddc000 Exception <a 'java/lang/NoSuchMethodError'{0x000000074543b8b0}: 'java.lang.Object java.lang.invoke.DirectMethodHandle$Holder.invokeSpecial(java.lang.Object, java.lang.Object, java.lang.Object, java.lang.Object, java.lang.Object, java.lang.Object, java.lang.Object, java.lang.Object, java.lang.Object)'> (0x000000074543b8b0) 
thrown [t:/workspace/open/src/hotspot/share/interpreter/linkResolver.cpp, line 767]
Event: 3.075 Thread 0x000001d25bddc000 Exception <a 'java/lang/NoSuchMethodError'{0x0000000747dd8578}: 'java.lang.Object java.lang.invoke.DirectMethodHandle$Holder.invokeVirtual(java.lang.Object, java.lang.Object, java.lang.Object, java.lang.Object)'> (0x0000000747dd8578) 
thrown [t:/workspace/open/src/hotspot/share/interpreter/linkResolver.cpp, line 767]
Event: 3.165 Thread 0x000001d25bddc000 Exception <a 'java/lang/NoSuchMethodError'{0x0000000747680bb8}: 'void java.lang.invoke.DirectMethodHandle$Holder.invokeSpecial(java.lang.Object, java.lang.Object, java.lang.Object, java.lang.Object, java.lang.Object, java.lang.Object)'> (0x0000000747680bb8) 
thrown [t:/workspace/open/src/hotspot/share/interpreter/linkResolver.cpp, line 767]
Event: 3.173 Thread 0x000001d25bddc000 Exception <a 'java/lang/NoSuchMethodError'{0x00000007476c7490}: 'java.lang.Object java.lang.invoke.Invokers$Holder.linkToTargetMethod(java.lang.Object, java.lang.Object, java.lang.Object, java.lang.Object, java.lang.Object, java.lang.Object, java.lang.Object)'> (0x00000007476c7490) 
thrown [t:/workspace/open/src/hotspot/share/interpreter/linkResolver.cpp, line 767]
Event: 3.200 Thread 0x000001d25bddc000 Exception <a 'java/lang/NoSuchMethodError'{0x00000007475d1190}: 'void java.lang.invoke.DirectMethodHandle$Holder.invokeSpecial(java.lang.Object, java.lang.Object, java.lang.Object, java.lang.Object, java.lang.Object, java.lang.Object, java.lang.Object)'> (0x00000007475d1190) 
thrown [t:/workspace/open/src/hotspot/share/interpreter/linkResolver.cpp, line 767]
Event: 3.204 Thread 0x000001d25bddc000 Exception <a 'java/lang/NoSuchMethodError'{0x0000000747412948}: 'java.lang.Object java.lang.invoke.DirectMethodHandle$Holder.invokeStatic(java.lang.Object, java.lang.Object, java.lang.Object, int, java.lang.Object, java.lang.Object)'> (0x0000000747412948) 
thrown [t:/workspace/open/src/hotspot/share/interpreter/linkResolver.cpp, line 767]
Event: 3.204 Thread 0x000001d25bddc000 Exception <a 'java/lang/NoSuchMethodError'{0x00000007474195f8}: 'java.lang.Object java.lang.invoke.Invokers$Holder.linkToTargetMethod(java.lang.Object, java.lang.Object, int, java.lang.Object, java.lang.Object, java.lang.Object)'> (0x00000007474195f8) 
thrown [t:/workspace/open/src/hotspot/share/interpreter/linkResolver.cpp, line 767]
Event: 3.227 Thread 0x000001d25bddc000 Exception <a 'java/lang/NoSuchMethodError'{0x00000007473c2e98}: 'java.lang.Object java.lang.invoke.DirectMethodHandle$Holder.invokeVirtual(java.lang.Object, java.lang.Object, java.lang.Object, java.lang.Object, java.lang.Object, java.lang.Object, java.lang.Object, java.lang.Object, java.lang.Object, java.lang.Object, java.lang.Object, java.lang.Object, java.lang.Object, java.lang.Object, java.lang.Object, java.lang.Object, java.lang.Object, java.lang.Object, java.lang.Object, java.lang.Object, java.lang.Ob
Event: 3.322 Thread 0x000001d25bddc000 Exception <a 'java/lang/NoSuchMethodError'{0x0000000746a09208}: 'int java.lang.invoke.DirectMethodHandle$Holder.invokeStaticInit(java.lang.Object, java.lang.Object, java.lang.Object)'> (0x0000000746a09208) 
thrown [t:/workspace/open/src/hotspot/share/interpreter/linkResolver.cpp, line 767]
Event: 3.435 Thread 0x000001d25bddc000 Exception <a 'java/lang/NoSuchMethodError'{0x00000007466abec8}: 'void java.lang.invoke.DirectMethodHandle$Holder.invokeStaticInit(java.lang.Object, java.lang.Object)'> (0x00000007466abec8) 
thrown [t:/workspace/open/src/hotspot/share/interpreter/linkResolver.cpp, line 767]
Event: 3.630 Thread 0x000001d25bddc000 Exception <a 'java/lang/NoSuchMethodError'{0x0000000745f221a8}: 'void java.lang.invoke.DirectMethodHandle$Holder.invokeStatic(java.lang.Object, java.lang.Object, java.lang.Object, java.lang.Object)'> (0x0000000745f221a8) 
thrown [t:/workspace/open/src/hotspot/share/interpreter/linkResolver.cpp, line 767]
Event: 3.633 Thread 0x000001d25bddc000 Exception <a 'java/lang/NoSuchMethodError'{0x0000000745f3fec0}: 'int java.lang.invoke.DirectMethodHandle$Holder.invokeVirtual(java.lang.Object, java.lang.Object)'> (0x0000000745f3fec0) 
thrown [t:/workspace/open/src/hotspot/share/interpreter/linkResolver.cpp, line 767]
Event: 3.640 Thread 0x000001d25bddc000 Exception <a 'java/lang/NoSuchMethodError'{0x0000000745f57a88}: 'java.lang.Object java.lang.invoke.DirectMethodHandle$Holder.invokeVirtual(java.lang.Object, java.lang.Object, java.lang.Object)'> (0x0000000745f57a88) 
thrown [t:/workspace/open/src/hotspot/share/interpreter/linkResolver.cpp, line 767]
Event: 3.644 Thread 0x000001d25bddc000 Exception <a 'java/lang/NoSuchMethodError'{0x0000000745f7e7d8}: 'int java.lang.invoke.DirectMethodHandle$Holder.invokeVirtual(java.lang.Object, java.lang.Object, java.lang.Object)'> (0x0000000745f7e7d8) 
thrown [t:/workspace/open/src/hotspot/share/interpreter/linkResolver.cpp, line 767]
Event: 3.682 Thread 0x000001d25bddc000 Exception <a 'java/lang/NoSuchMethodError'{0x0000000745d6eae0}: 'void java.lang.invoke.DirectMethodHandle$Holder.invokeSpecial(java.lang.Object, java.lang.Object)'> (0x0000000745d6eae0) 
thrown [t:/workspace/open/src/hotspot/share/interpreter/linkResolver.cpp, line 767]
Event: 3.873 Thread 0x000001d25bddc000 Exception <a 'java/lang/NoSuchMethodError'{0x0000000744fc8420}: 'java.lang.Object java.lang.invoke.DirectMethodHandle$Holder.invokeSpecialIFC(java.lang.Object, java.lang.Object, java.lang.Object, java.lang.Object)'> (0x0000000744fc8420) 
thrown [t:/workspace/open/src/hotspot/share/interpreter/linkResolver.cpp, line 767]

Events (20 events):
Event: 3.986 loading class org/gradle/api/internal/provider/Providers$NoValueProvider done
Event: 3.986 loading class org/gradle/api/internal/provider/ValueSupplier$Value
Event: 3.986 loading class org/gradle/api/internal/provider/ValueSupplier$Value done
Event: 3.987 loading class org/gradle/api/internal/provider/ValueSupplier$Missing
Event: 3.987 loading class org/gradle/api/internal/provider/ValueSupplier$Missing done
Event: 3.987 loading class org/gradle/api/internal/provider/ValueSupplier$Present
Event: 3.987 loading class org/gradle/api/internal/provider/ValueSupplier$Present done
Event: 3.988 loading class org/gradle/api/internal/artifacts/DependencyManagementServices
Event: 3.988 loading class org/gradle/api/internal/artifacts/DependencyManagementServices done
Event: 3.988 loading class org/gradle/api/internal/artifacts/DependencyManagementServices
Event: 3.988 loading class org/gradle/api/internal/artifacts/DependencyManagementServices done
Event: 3.988 loading class org/gradle/api/internal/artifacts/DependencyResolutionServices
Event: 3.988 loading class org/gradle/api/internal/artifacts/DependencyResolutionServices done
Event: 3.988 loading class groovy/lang/GString
Event: 3.988 loading class groovy/lang/GString done
Event: 3.989 loading class groovy/lang/Writable
Event: 3.989 loading class groovy/lang/Writable done
Event: 3.989 loading class groovy/lang/Buildable
Event: 3.989 loading class groovy/lang/Buildable done
Event: 3.990 Executing VM operation: CollectForMetadataAllocation


Dynamic libraries:
0x00007ff655470000 - 0x00007ff65547f000 	C:\Program Files\Java\jdk-13.0.1\bin\java.exe
0x00007ff9af560000 - 0x00007ff9af750000 	C:\Windows\SYSTEM32\ntdll.dll
0x00007ff9af120000 - 0x00007ff9af1d2000 	C:\Windows\System32\KERNEL32.DLL
0x00007ff9ad260000 - 0x00007ff9ad503000 	C:\Windows\System32\KERNELBASE.dll
0x00007ff9ad510000 - 0x00007ff9ad60a000 	C:\Windows\System32\ucrtbase.dll
0x00007ff991f90000 - 0x00007ff991fa5000 	C:\Program Files\Java\jdk-13.0.1\bin\VCRUNTIME140.dll
0x00007ff9887b0000 - 0x00007ff9887c8000 	C:\Program Files\Java\jdk-13.0.1\bin\jli.dll
0x00007ff9af1e0000 - 0x00007ff9af283000 	C:\Windows\System32\ADVAPI32.dll
0x00007ff9adeb0000 - 0x00007ff9adf4e000 	C:\Windows\System32\msvcrt.dll
0x00007ff9af010000 - 0x00007ff9af0a7000 	C:\Windows\System32\sechost.dll
0x00007ff9ae910000 - 0x00007ff9aea30000 	C:\Windows\System32\RPCRT4.dll
0x00007ff9981d0000 - 0x00007ff998455000 	C:\Windows\WinSxS\amd64_microsoft.windows.common-controls_6595b64144ccf1df_6.0.18362.356_none_e6c4af7d130f27cc\COMCTL32.dll
0x00007ff9aed30000 - 0x00007ff9aeec3000 	C:\Windows\System32\USER32.dll
0x00007ff9acf50000 - 0x00007ff9acf71000 	C:\Windows\System32\win32u.dll
0x00007ff9ae0b0000 - 0x00007ff9ae3e6000 	C:\Windows\System32\combase.dll
0x00007ff9aed00000 - 0x00007ff9aed26000 	C:\Windows\System32\GDI32.dll
0x00007ff9aceb0000 - 0x00007ff9acf30000 	C:\Windows\System32\bcryptPrimitives.dll
0x00007ff9acd10000 - 0x00007ff9acea4000 	C:\Windows\System32\gdi32full.dll
0x00007ff9acc70000 - 0x00007ff9acd0e000 	C:\Windows\System32\msvcp_win.dll
0x00007ff9a71a0000 - 0x00007ff9a71aa000 	C:\Windows\SYSTEM32\VERSION.dll
0x00007ff9aec60000 - 0x00007ff9aec8e000 	C:\Windows\System32\IMM32.DLL
0x00007ff96a3b0000 - 0x00007ff96a44b000 	C:\Program Files\Java\jdk-13.0.1\bin\msvcp140.dll
0x00007ff969840000 - 0x00007ff96a3a6000 	C:\Program Files\Java\jdk-13.0.1\bin\server\jvm.dll
0x00007ff9af370000 - 0x00007ff9af378000 	C:\Windows\System32\PSAPI.DLL
0x00007ff9aa480000 - 0x00007ff9aa4a4000 	C:\Windows\SYSTEM32\WINMM.dll
0x00007ff9a8de0000 - 0x00007ff9a8de9000 	C:\Windows\SYSTEM32\WSOCK32.dll
0x00007ff9aa400000 - 0x00007ff9aa42d000 	C:\Windows\SYSTEM32\WINMMBASE.dll
0x00007ff9ad210000 - 0x00007ff9ad25a000 	C:\Windows\System32\cfgmgr32.dll
0x000001d237410000 - 0x000001d23747f000 	C:\Windows\System32\ws2_32.DLL
0x00007ff9ac490000 - 0x00007ff9ac4a1000 	C:\Windows\System32\kernel.appcore.dll
0x00007ff996fd0000 - 0x00007ff996fe0000 	C:\Program Files\Java\jdk-13.0.1\bin\verify.dll
0x00007ff999880000 - 0x00007ff999a74000 	C:\Windows\SYSTEM32\DBGHELP.DLL
0x00007ff9768b0000 - 0x00007ff9768da000 	C:\Windows\SYSTEM32\dbgcore.DLL
0x00007ff9817f0000 - 0x00007ff981816000 	C:\Program Files\Java\jdk-13.0.1\bin\java.dll
0x00007ff988790000 - 0x00007ff9887a7000 	C:\Program Files\Java\jdk-13.0.1\bin\zip.dll
0x00007ff995c90000 - 0x00007ff995c9a000 	C:\Program Files\Java\jdk-13.0.1\bin\jimage.dll
0x00007ff9ad7c0000 - 0x00007ff9adea5000 	C:\Windows\System32\SHELL32.dll
0x00007ff9ae860000 - 0x00007ff9ae909000 	C:\Windows\System32\shcore.dll
0x00007ff9ac4f0000 - 0x00007ff9acc6e000 	C:\Windows\System32\windows.storage.dll
0x00007ff9ac4b0000 - 0x00007ff9ac4cf000 	C:\Windows\System32\profapi.dll
0x00007ff9ac440000 - 0x00007ff9ac48a000 	C:\Windows\System32\powrprof.dll
0x00007ff9ac430000 - 0x00007ff9ac440000 	C:\Windows\System32\UMPDC.dll
0x00007ff9af310000 - 0x00007ff9af362000 	C:\Windows\System32\shlwapi.dll
0x00007ff9acf30000 - 0x00007ff9acf47000 	C:\Windows\System32\cryptsp.dll
0x00007ff9885e0000 - 0x00007ff9885f9000 	C:\Program Files\Java\jdk-13.0.1\bin\net.dll
0x00007ff9a3570000 - 0x00007ff9a3660000 	C:\Windows\SYSTEM32\WINHTTP.dll
0x00007ff9abca0000 - 0x00007ff9abd07000 	C:\Windows\system32\mswsock.dll
0x00007ff981570000 - 0x00007ff981583000 	C:\Program Files\Java\jdk-13.0.1\bin\nio.dll
0x00007ff9693b0000 - 0x00007ff9693d7000 	C:\Users\User\.gradle\native\e1d6ef7f7dcc3fd88c89a11ec53ec762bb8ba0a96d01ffa2cd45eb1d1d8dd5c5\windows-amd64\native-platform.dll
0x00007ff969260000 - 0x00007ff9693a4000 	C:\Users\User\.gradle\native\0d407fdbe67a94daf76414ababcb853783967236a71b16ec16e742cd7a986fd3\windows-amd64\native-platform-file-events.dll
0x00007ff988df0000 - 0x00007ff988df9000 	C:\Program Files\Java\jdk-13.0.1\bin\management.dll
0x00007ff988330000 - 0x00007ff98833b000 	C:\Program Files\Java\jdk-13.0.1\bin\management_ext.dll
0x00007ff9ab7b0000 - 0x00007ff9ab7e3000 	C:\Windows\system32\rsaenh.dll
0x00007ff9ad180000 - 0x00007ff9ad1a6000 	C:\Windows\System32\bcrypt.dll
0x00007ff9ac320000 - 0x00007ff9ac345000 	C:\Windows\SYSTEM32\USERENV.dll
0x00007ff9abe70000 - 0x00007ff9abe7c000 	C:\Windows\SYSTEM32\CRYPTBASE.dll
0x00007ff9ab950000 - 0x00007ff9ab98a000 	C:\Windows\SYSTEM32\IPHLPAPI.DLL
0x00007ff9ad670000 - 0x00007ff9ad678000 	C:\Windows\System32\NSI.dll
0x00007ff9a6b80000 - 0x00007ff9a6b96000 	C:\Windows\SYSTEM32\dhcpcsvc6.DLL
0x00007ff9a6a90000 - 0x00007ff9a6aac000 	C:\Windows\SYSTEM32\dhcpcsvc.DLL
0x00007ff9ab990000 - 0x00007ff9aba5a000 	C:\Windows\SYSTEM32\DNSAPI.dll

dbghelp: loaded successfully - version: 4.0.5 - missing functions: none
symbol engine: initialized successfully - sym options: 0x614 - pdb path: .;C:\Program Files\Java\jdk-13.0.1\bin;C:\Windows\SYSTEM32;C:\Windows\WinSxS\amd64_microsoft.windows.common-controls_6595b64144ccf1df_6.0.18362.356_none_e6c4af7d130f27cc;C:\Program Files\Java\jdk-13.0.1\bin\server;C:\Users\User\.gradle\native\e1d6ef7f7dcc3fd88c89a11ec53ec762bb8ba0a96d01ffa2cd45eb1d1d8dd5c5\windows-amd64;C:\Users\User\.gradle\native\0d407fdbe67a94daf76414ababcb853783967236a71b16ec16e742cd7a986fd3\windows-amd64

VM Arguments:
jvm_args: --add-opens=java.base/java.util=ALL-UNNAMED --add-opens=java.base/java.lang=ALL-UNNAMED --add-opens=java.base/java.lang.invoke=ALL-UNNAMED --add-opens=java.base/java.util=ALL-UNNAMED --add-opens=java.prefs/java.util.prefs=ALL-UNNAMED --add-opens=java.prefs/java.util.prefs=ALL-UNNAMED --add-opens=java.base/java.nio.charset=ALL-UNNAMED --add-opens=java.base/java.net=ALL-UNNAMED --add-opens=java.base/java.util.concurrent.atomic=ALL-UNNAMED -Xmx3G -Dfile.encoding=windows-1251 -Duser.country=RU -Duser.language=ru -Duser.variant 
java_command: org.gradle.launcher.daemon.bootstrap.GradleDaemon 7.5.1
java_class_path (initial): C:\Users\User\.gradle\wrapper\dists\gradle-7.5.1-bin\7jzzequgds1hbszbhq3npc5ng\gradle-7.5.1\lib\gradle-launcher-7.5.1.jar
Launcher Type: SUN_STANDARD

[Global flags]
     intx CICompilerCount                          = 3                                         {product} {ergonomic}
     uint ConcGCThreads                            = 1                                         {product} {ergonomic}
     uint G1ConcRefinementThreads                  = 4                                         {product} {ergonomic}
   size_t G1HeapRegionSize                         = 1048576                                   {product} {ergonomic}
    uintx GCDrainStackTargetSize                   = 64                                        {product} {ergonomic}
   size_t InitialHeapSize                          = 134217728                                 {product} {ergonomic}
   size_t MarkStackSize                            = 4194304                                   {product} {ergonomic}
   size_t MaxHeapSize                              = 3221225472                                {product} {command line}
   size_t MaxNewSize                               = 1932525568                                {product} {ergonomic}
   size_t MinHeapDeltaBytes                        = 1048576                                   {product} {ergonomic}
   size_t MinHeapSize                              = 8388608                                   {product} {ergonomic}
    uintx NonNMethodCodeHeapSize                   = 5830732                                {pd product} {ergonomic}
    uintx NonProfiledCodeHeapSize                  = 122913754                              {pd product} {ergonomic}
    uintx ProfiledCodeHeapSize                     = 122913754                              {pd product} {ergonomic}
    uintx ReservedCodeCacheSize                    = 251658240                              {pd product} {ergonomic}
     bool SegmentedCodeCache                       = true                                      {product} {ergonomic}
   size_t SoftMaxHeapSize                          = 3221225472                             {manageable} {ergonomic}
     bool UseCompressedClassPointers               = true                                 {lp64_product} {ergonomic}
     bool UseCompressedOops                        = true                                 {lp64_product} {ergonomic}
     bool UseG1GC                                  = true                                      {product} {ergonomic}
     bool UseLargePagesIndividualAllocation        = false                                  {pd product} {ergonomic}

Logging:
Log output configuration:
 #0: stdout all=warning uptime,level,tags
 #1: stderr all=off uptime,level,tags

Environment Variables:
PATH=D:\jdk8\bin;C:\Program Files\Common Files\Oracle\Java\javapath;C:\Program Files (x86)\Common Files\Oracle\Java\javapath;C:\ProgramData\Oracle\Java\javapath;C:\Windows\system32;C:\Windows;C:\Windows\System32\Wbem;C:\Windows\System32\WindowsPowerShell\v1.0\;C:\Windows\System32\OpenSSH\;C:\Program Files\NVIDIA Corporation\NVIDIA NvDLISR;D:\MAtlab\dsfdsfd\bin;D:\Matlab\bin;C:\Program Files\OpenVPN\bin;C:\Program Files\Cloudflare\Cloudflare WARP\;D:\JDK\bin;C:\Program Files\Microsoft SQL Server\130\Tools\Binn\;C:\Program Files (x86)\NVIDIA Corporation\PhysX\Common;D:\Git\cmd;C:\Program Files\dotnet\;C:\Users\User\AppData\Local\Programs\Python\Python310\Scripts\;C:\Users\User\AppData\Local\Programs\Python\Python310\;C:\Users\User\AppData\Local\Microsoft\WindowsApps;;D:\IntelliJ IDEA Community Edition 2022.3.1\bin;;D:\IntelliJ IDEA 2023.1.3\bin;
USERNAME=User
OS=Windows_NT
PROCESSOR_IDENTIFIER=Intel64 Family 6 Model 94 Stepping 3, GenuineIntel



---------------  S Y S T E M  ---------------

OS: Windows 10 , 64 bit Build 18362 (10.0.18362.329)

CPU:total 4 (initial active 4) (4 cores per cpu, 1 threads per core) family 6 model 94 stepping 3, cmov, cx8, fxsr, mmx, sse, sse2, sse3, ssse3, sse4.1, sse4.2, popcnt, avx, avx2, aes, clmul, erms, 3dnowpref, lzcnt, tsc, tscinvbit, bmi1, bmi2, adx, fma

Memory: 4k page, system-wide physical 8156M (998M free)
TotalPageFile size 10527M (AvailPageFile size 13M)
current process WorkingSet (physical memory assigned to process): 224M, peak: 224M
current process commit charge ("private bytes"): 315M, peak: 340M

vm_info: Java HotSpot(TM) 64-Bit Server VM (13.0.1+9) for windows-amd64 JRE (13.0.1+9), built on Oct  6 2019 12:37:49 by "mach5one" with unknown MS VC++:1916

END.
