#
# There is insufficient memory for the Java Runtime Environment to continue.
# Native memory allocation (malloc) failed to allocate 1481776 bytes for Chunk::new
# Possible reasons:
#   The system is out of physical RAM or swap space
#   The process is running with CompressedOops enabled, and the Java Heap may be blocking the growth of the native heap
# Possible solutions:
#   Reduce memory load on the system
#   Increase physical memory or swap space
#   Check if swap backing store is full
#   Decrease Java heap size (-Xmx/-Xms)
#   Decrease number of Java threads
#   Decrease Java thread stack sizes (-Xss)
#   Set larger code cache with -XX:ReservedCodeCacheSize=
#   JVM is running with Zero Based Compressed Oops mode in which the Java heap is
#     placed in the first 32GB address space. The Java Heap base address is the
#     maximum limit for the native heap growth. Please use -XX:HeapBaseMinAddress
#     to set the Java Heap base and to place the Java Heap above 32GB virtual address.
# This output file may be truncated or incomplete.
#
#  Out of Memory Error (t:/workspace/open/src/hotspot/share/memory/arena.cpp:196), pid=2568, tid=12136
#
# JRE version: Java(TM) SE Runtime Environment (13.0.1+9) (build 13.0.1+9)
# Java VM: Java HotSpot(TM) 64-Bit Server VM (13.0.1+9, mixed mode, sharing, tiered, compressed oops, g1 gc, windows-amd64)
# No core dump will be written. Minidumps are not enabled by default on client versions of Windows
#

---------------  S U M M A R Y ------------

Command Line: --add-opens=java.base/java.util=ALL-UNNAMED --add-opens=java.base/java.lang=ALL-UNNAMED --add-opens=java.base/java.lang.invoke=ALL-UNNAMED --add-opens=java.base/java.util=ALL-UNNAMED --add-opens=java.prefs/java.util.prefs=ALL-UNNAMED --add-opens=java.prefs/java.util.prefs=ALL-UNNAMED --add-opens=java.base/java.nio.charset=ALL-UNNAMED --add-opens=java.base/java.net=ALL-UNNAMED --add-opens=java.base/java.util.concurrent.atomic=ALL-UNNAMED -Xmx3G -Dfile.encoding=windows-1251 -Duser.country=RU -Duser.language=ru -Duser.variant org.gradle.launcher.daemon.bootstrap.GradleDaemon 7.5.1

Host: Intel(R) Core(TM) i5-6400 CPU @ 2.70GHz, 4 cores, 7G,  Windows 10 , 64 bit Build 18362 (10.0.18362.329)
Time: Tue Oct 31 13:05:17 2023 RTZ 2 (ceia) elapsed time: 246 seconds (0d 0h 4m 6s)

---------------  T H R E A D  ---------------

Current thread (0x000001ee8f82f000):  JavaThread "C2 CompilerThread1" daemon [_thread_in_native, id=12136, stack(0x000000e369f00000,0x000000e36a000000)]


Current CompileTask:
C2: 246433 9215 %     4       groovyjarjarantlr4.v4.runtime.atn.LexerATNSimulator::getReachableConfigSet @ 77 (198 bytes)

Stack: [0x000000e369f00000,0x000000e36a000000]
Native frames: (J=compiled Java code, j=interpreted, Vv=VM code, C=native code)
V  [jvm.dll+0x626eca]
V  [jvm.dll+0x772c6a]
V  [jvm.dll+0x77441f]
V  [jvm.dll+0x774a23]
V  [jvm.dll+0x24da58]
V  [jvm.dll+0xc3ae7]
V  [jvm.dll+0xc406c]
V  [jvm.dll+0x35de18]
V  [jvm.dll+0x329593]
V  [jvm.dll+0x32896a]
V  [jvm.dll+0x2078c7]
V  [jvm.dll+0x206adf]
V  [jvm.dll+0x18b94c]
V  [jvm.dll+0x2159bd]
V  [jvm.dll+0x213e6b]
V  [jvm.dll+0x738b16]
V  [jvm.dll+0x731c0a]
V  [jvm.dll+0x6260c6]
C  [ucrtbase.dll+0x1d9f2]
C  [KERNEL32.DLL+0x17bd4]
C  [ntdll.dll+0x6cee1]


---------------  P R O C E S S  ---------------

Threads class SMR info:
_java_thread_list=0x000001ee91ae41b0, length=79, elements={
0x000001eeed6e1000, 0x000001eeff3e2000, 0x000001eeff3e3000, 0x000001eeff3f0800,
0x000001eeff3ff000, 0x000001eeff402000, 0x000001eeff40d000, 0x000001eeff40e000,
0x000001ee8f12f000, 0x000001ee8f152800, 0x000001ee9024a000, 0x000001ee91dc1000,
0x000001ee90cbd800, 0x000001ee90df2800, 0x000001ee90df1000, 0x000001ee90dee000,
0x000001ee90dee800, 0x000001ee90df0800, 0x000001ee90df3800, 0x000001ee94c11000,
0x000001ee94c0e800, 0x000001ee94c12800, 0x000001ee94c13800, 0x000001ee94c15000,
0x000001ee948ed000, 0x000001ee948e8000, 0x000001ee948e0000, 0x000001ee948e3000,
0x000001ee90388800, 0x000001ee90389000, 0x000001ee90387000, 0x000001ee90387800,
0x000001ee9038a000, 0x000001ee9038b000, 0x000001ee9038b800, 0x000001ee90386000,
0x000001ee90391800, 0x000001ee90392000, 0x000001ee9038c800, 0x000001ee9038f000,
0x000001ee8f82f000, 0x000001ee9038f800, 0x000001ee90393000, 0x000001ee9038d800,
0x000001ee90394000, 0x000001ee9038e000, 0x000001ee90394800, 0x000001ee948de000,
0x000001ee948df000, 0x000001ee948e2000, 0x000001ee948e6800, 0x000001ee948e5800,
0x000001ee948e4000, 0x000001ee948e4800, 0x000001ee948e0800, 0x000001ee948e7000,
0x000001ee948e1800, 0x000001ee948ec000, 0x000001ee948e9000, 0x000001ee948e9800,
0x000001ee948ea800, 0x000001ee948eb000, 0x000001ee94c14800, 0x000001ee94c16000,
0x000001ee94c17000, 0x000001ee94c17800, 0x000001ee94c12000, 0x000001ee94c18800,
0x000001ee94c19800, 0x000001ee94c1a000, 0x000001ee94c1b000, 0x000001ee94c1b800,
0x000001ee90ded000, 0x000001ee90def800, 0x000001ee90df2000, 0x000001ee90433000,
0x000001ee9042e000, 0x000001ee90431800, 0x000001ee90434800
}

Java Threads: ( => current thread )
  0x000001eeed6e1000 JavaThread "main" [_thread_blocked, id=6544, stack(0x000000e367a00000,0x000000e367b00000)]
  0x000001eeff3e2000 JavaThread "Reference Handler" daemon [_thread_blocked, id=8672, stack(0x000000e368100000,0x000000e368200000)]
  0x000001eeff3e3000 JavaThread "Finalizer" daemon [_thread_blocked, id=12428, stack(0x000000e368200000,0x000000e368300000)]
  0x000001eeff3f0800 JavaThread "Signal Dispatcher" daemon [_thread_blocked, id=12696, stack(0x000000e368300000,0x000000e368400000)]
  0x000001eeff3ff000 JavaThread "Attach Listener" daemon [_thread_blocked, id=1296, stack(0x000000e368400000,0x000000e368500000)]
  0x000001eeff402000 JavaThread "C2 CompilerThread0" daemon [_thread_in_native, id=8248, stack(0x000000e368500000,0x000000e368600000)]
  0x000001eeff40d000 JavaThread "C1 CompilerThread0" daemon [_thread_blocked, id=13004, stack(0x000000e368600000,0x000000e368700000)]
  0x000001eeff40e000 JavaThread "Sweeper thread" daemon [_thread_blocked, id=4524, stack(0x000000e368700000,0x000000e368800000)]
  0x000001ee8f12f000 JavaThread "Common-Cleaner" daemon [_thread_blocked, id=12524, stack(0x000000e368800000,0x000000e368900000)]
  0x000001ee8f152800 JavaThread "Service Thread" daemon [_thread_blocked, id=8, stack(0x000000e368900000,0x000000e368a00000)]
  0x000001ee9024a000 JavaThread "Daemon health stats" [_thread_blocked, id=9452, stack(0x000000e368e00000,0x000000e368f00000)]
  0x000001ee91dc1000 JavaThread "Incoming local TCP Connector on port 50720" [_thread_in_native, id=6776, stack(0x000000e368b00000,0x000000e368c00000)]
  0x000001ee90cbd800 JavaThread "Daemon periodic checks" [_thread_blocked, id=13224, stack(0x000000e369000000,0x000000e369100000)]
  0x000001ee90df2800 JavaThread "Cache worker for journal cache (C:\Users\User\.gradle\caches\journal-1)" [_thread_blocked, id=3508, stack(0x000000e369800000,0x000000e369900000)]
  0x000001ee90df1000 JavaThread "File lock request listener" [_thread_in_native, id=5212, stack(0x000000e369900000,0x000000e369a00000)]
  0x000001ee90dee000 JavaThread "Cache worker for file hash cache (C:\Users\User\.gradle\caches\7.5.1\fileHashes)" [_thread_blocked, id=5124, stack(0x000000e369a00000,0x000000e369b00000)]
  0x000001ee90dee800 JavaThread "File watcher server" daemon [_thread_in_native, id=3124, stack(0x000000e369c00000,0x000000e369d00000)]
  0x000001ee90df0800 JavaThread "File watcher consumer" daemon [_thread_blocked, id=5012, stack(0x000000e369d00000,0x000000e369e00000)]
  0x000001ee90df3800 JavaThread "Cache worker for file content cache (C:\Users\User\.gradle\caches\7.5.1\fileContent)" [_thread_blocked, id=11588, stack(0x000000e36a000000,0x000000e36a100000)]
  0x000001ee94c11000 JavaThread "Cache worker for execution history cache (C:\Users\User\.gradle\caches\7.5.1\executionHistory)" [_thread_blocked, id=12232, stack(0x000000e36a300000,0x000000e36a400000)]
  0x000001ee94c0e800 JavaThread "jar transforms" [_thread_blocked, id=1928, stack(0x000000e36a400000,0x000000e36a500000)]
  0x000001ee94c12800 JavaThread "jar transforms Thread 2" [_thread_blocked, id=12984, stack(0x000000e36a500000,0x000000e36a600000)]
  0x000001ee94c13800 JavaThread "jar transforms Thread 3" [_thread_blocked, id=7468, stack(0x000000e36a600000,0x000000e36a700000)]
  0x000001ee94c15000 JavaThread "jar transforms Thread 4" [_thread_blocked, id=1680, stack(0x000000e36a700000,0x000000e36a800000)]
  0x000001ee948ed000 JavaThread "Memory manager" [_thread_blocked, id=2256, stack(0x000000e36d000000,0x000000e36d100000)]
  0x000001ee948e8000 JavaThread "ForkJoinPool.commonPool-worker-7" daemon [_thread_blocked, id=356, stack(0x000000e36d300000,0x000000e36d400000)]
  0x000001ee948e0000 JavaThread "Daemon Thread 2" [_thread_blocked, id=5692, stack(0x000000e367700000,0x000000e367800000)]
  0x000001ee948e3000 JavaThread "Daemon worker Thread 2" [_thread_in_Java, id=10852, stack(0x000000e369100000,0x000000e369200000)]
  0x000001ee90388800 JavaThread "ForkJoinPool.commonPool-worker-1" daemon [_thread_blocked, id=12552, stack(0x000000e36cd00000,0x000000e36ce00000)]
  0x000001ee90389000 JavaThread "ForkJoinPool.commonPool-worker-3" daemon [_thread_blocked, id=11248, stack(0x000000e36ce00000,0x000000e36cf00000)]
  0x000001ee90387000 JavaThread "Handler for socket connection from /127.0.0.1:50720 to /127.0.0.1:50955" [_thread_in_native, id=10280, stack(0x000000e367800000,0x000000e367900000)]
  0x000001ee90387800 JavaThread "Cancel handler" [_thread_blocked, id=9188, stack(0x000000e367900000,0x000000e367a00000)]
  0x000001ee9038a000 JavaThread "Asynchronous log dispatcher for DefaultDaemonConnection: socket connection from /127.0.0.1:50720 to /127.0.0.1:50955" [_thread_blocked, id=1036, stack(0x000000e369200000,0x000000e369300000)]
  0x000001ee9038b000 JavaThread "Stdin handler" [_thread_blocked, id=11296, stack(0x000000e369300000,0x000000e369400000)]
  0x000001ee9038b800 JavaThread "Daemon client event forwarder" [_thread_blocked, id=7776, stack(0x000000e369400000,0x000000e369500000)]
  0x000001ee90386000 JavaThread "Cache worker for checksums cache (D:\WIP.MODS\nukacraft_mod\.gradle\7.5.1\checksums)" [_thread_blocked, id=11340, stack(0x000000e369500000,0x000000e369600000)]
  0x000001ee90391800 JavaThread "Cache worker for cache directory md-rule (C:\Users\User\.gradle\caches\7.5.1\md-rule)" [_thread_blocked, id=8068, stack(0x000000e369600000,0x000000e369700000)]
  0x000001ee90392000 JavaThread "Cache worker for file hash cache (D:\WIP.MODS\nukacraft_mod\.gradle\7.5.1\fileHashes)" [_thread_blocked, id=6980, stack(0x000000e369700000,0x000000e369800000)]
  0x000001ee9038c800 JavaThread "Cache worker for cache directory md-supplier (C:\Users\User\.gradle\caches\7.5.1\md-supplier)" [_thread_blocked, id=9340, stack(0x000000e369b00000,0x000000e369c00000)]
  0x000001ee9038f000 JavaThread "Cache worker for dependencies-accessors (D:\WIP.MODS\nukacraft_mod\.gradle\7.5.1\dependencies-accessors)" [_thread_blocked, id=12772, stack(0x000000e369e00000,0x000000e369f00000)]
=>0x000001ee8f82f000 JavaThread "C2 CompilerThread1" daemon [_thread_in_native, id=12136, stack(0x000000e369f00000,0x000000e36a000000)]
  0x000001ee9038f800 JavaThread "Cache worker for Build Output Cleanup Cache (D:\WIP.MODS\nukacraft_mod\.gradle\buildOutputCleanup)" [_thread_blocked, id=5352, stack(0x000000e36a100000,0x000000e36a200000)]
  0x000001ee90393000 JavaThread "Unconstrained build operations" [_thread_blocked, id=11052, stack(0x000000e36a200000,0x000000e36a300000)]
  0x000001ee9038d800 JavaThread "Unconstrained build operations Thread 2" [_thread_blocked, id=11776, stack(0x000000e36a800000,0x000000e36a900000)]
  0x000001ee90394000 JavaThread "Unconstrained build operations Thread 3" [_thread_blocked, id=1516, stack(0x000000e36a900000,0x000000e36aa00000)]
  0x000001ee9038e000 JavaThread "Unconstrained build operations Thread 4" [_thread_blocked, id=2388, stack(0x000000e36aa00000,0x000000e36ab00000)]
  0x000001ee90394800 JavaThread "Unconstrained build operations Thread 5" [_thread_blocked, id=11232, stack(0x000000e36ab00000,0x000000e36ac00000)]
  0x000001ee948de000 JavaThread "Unconstrained build operations Thread 6" [_thread_blocked, id=11288, stack(0x000000e36ac00000,0x000000e36ad00000)]
  0x000001ee948df000 JavaThread "Unconstrained build operations Thread 7" [_thread_blocked, id=6788, stack(0x000000e36ad00000,0x000000e36ae00000)]
  0x000001ee948e2000 JavaThread "Unconstrained build operations Thread 8" [_thread_blocked, id=12380, stack(0x000000e36ae00000,0x000000e36af00000)]
  0x000001ee948e6800 JavaThread "Unconstrained build operations Thread 9" [_thread_blocked, id=11528, stack(0x000000e36af00000,0x000000e36b000000)]
  0x000001ee948e5800 JavaThread "Unconstrained build operations Thread 10" [_thread_blocked, id=8716, stack(0x000000e36b000000,0x000000e36b100000)]
  0x000001ee948e4000 JavaThread "Unconstrained build operations Thread 11" [_thread_blocked, id=1072, stack(0x000000e36b100000,0x000000e36b200000)]
  0x000001ee948e4800 JavaThread "Unconstrained build operations Thread 12" [_thread_blocked, id=10732, stack(0x000000e36b200000,0x000000e36b300000)]
  0x000001ee948e0800 JavaThread "Unconstrained build operations Thread 13" [_thread_blocked, id=12712, stack(0x000000e36b300000,0x000000e36b400000)]
  0x000001ee948e7000 JavaThread "Unconstrained build operations Thread 14" [_thread_blocked, id=12968, stack(0x000000e36b400000,0x000000e36b500000)]
  0x000001ee948e1800 JavaThread "Unconstrained build operations Thread 15" [_thread_blocked, id=6716, stack(0x000000e36b500000,0x000000e36b600000)]
  0x000001ee948ec000 JavaThread "Unconstrained build operations Thread 16" [_thread_blocked, id=12804, stack(0x000000e36b600000,0x000000e36b700000)]
  0x000001ee948e9000 JavaThread "Unconstrained build operations Thread 17" [_thread_blocked, id=2824, stack(0x000000e36b700000,0x000000e36b800000)]
  0x000001ee948e9800 JavaThread "Unconstrained build operations Thread 18" [_thread_blocked, id=11972, stack(0x000000e36b800000,0x000000e36b900000)]
  0x000001ee948ea800 JavaThread "Unconstrained build operations Thread 19" [_thread_blocked, id=7772, stack(0x000000e36b900000,0x000000e36ba00000)]
  0x000001ee948eb000 JavaThread "Unconstrained build operations Thread 20" [_thread_blocked, id=5084, stack(0x000000e36ba00000,0x000000e36bb00000)]
  0x000001ee94c14800 JavaThread "Unconstrained build operations Thread 21" [_thread_blocked, id=3136, stack(0x000000e36bb00000,0x000000e36bc00000)]
  0x000001ee94c16000 JavaThread "Unconstrained build operations Thread 22" [_thread_blocked, id=5964, stack(0x000000e36bc00000,0x000000e36bd00000)]
  0x000001ee94c17000 JavaThread "Unconstrained build operations Thread 23" [_thread_blocked, id=3004, stack(0x000000e36bd00000,0x000000e36be00000)]
  0x000001ee94c17800 JavaThread "Unconstrained build operations Thread 24" [_thread_blocked, id=2372, stack(0x000000e36be00000,0x000000e36bf00000)]
  0x000001ee94c12000 JavaThread "Unconstrained build operations Thread 25" [_thread_blocked, id=3332, stack(0x000000e36bf00000,0x000000e36c000000)]
  0x000001ee94c18800 JavaThread "Unconstrained build operations Thread 26" [_thread_blocked, id=4408, stack(0x000000e36c000000,0x000000e36c100000)]
  0x000001ee94c19800 JavaThread "Unconstrained build operations Thread 27" [_thread_blocked, id=1540, stack(0x000000e36c100000,0x000000e36c200000)]
  0x000001ee94c1a000 JavaThread "Unconstrained build operations Thread 28" [_thread_blocked, id=12956, stack(0x000000e36c200000,0x000000e36c300000)]
  0x000001ee94c1b000 JavaThread "Unconstrained build operations Thread 29" [_thread_blocked, id=12548, stack(0x000000e36c300000,0x000000e36c400000)]
  0x000001ee94c1b800 JavaThread "Unconstrained build operations Thread 30" [_thread_blocked, id=12072, stack(0x000000e36c400000,0x000000e36c500000)]
  0x000001ee90ded000 JavaThread "Unconstrained build operations Thread 31" [_thread_blocked, id=10404, stack(0x000000e36c500000,0x000000e36c600000)]
  0x000001ee90def800 JavaThread "Unconstrained build operations Thread 32" [_thread_blocked, id=3104, stack(0x000000e36c600000,0x000000e36c700000)]
  0x000001ee90df2000 JavaThread "Unconstrained build operations Thread 33" [_thread_blocked, id=8748, stack(0x000000e36c700000,0x000000e36c800000)]
  0x000001ee90433000 JavaThread "Unconstrained build operations Thread 34" [_thread_blocked, id=4360, stack(0x000000e36c800000,0x000000e36c900000)]
  0x000001ee9042e000 JavaThread "Unconstrained build operations Thread 35" [_thread_blocked, id=10680, stack(0x000000e36c900000,0x000000e36ca00000)]
  0x000001ee90431800 JavaThread "Unconstrained build operations Thread 36" [_thread_blocked, id=11444, stack(0x000000e36ca00000,0x000000e36cb00000)]
  0x000001ee90434800 JavaThread "Unconstrained build operations Thread 37" [_thread_blocked, id=13052, stack(0x000000e36cb00000,0x000000e36cc00000)]

Other Threads:
  0x000001eeff3dc000 VMThread "VM Thread" [stack: 0x000000e368000000,0x000000e368100000] [id=12872]
  0x000001ee8f157800 WatcherThread [stack: 0x000000e368a00000,0x000000e368b00000] [id=13036]
  0x000001eeed738000 GCTaskThread "GC Thread#0" [stack: 0x000000e367b00000,0x000000e367c00000] [id=7720]
  0x000001ee8f7c2000 GCTaskThread "GC Thread#1" [stack: 0x000000e368c00000,0x000000e368d00000] [id=12328]
  0x000001ee8f226000 GCTaskThread "GC Thread#2" [stack: 0x000000e368d00000,0x000000e368e00000] [id=2252]
  0x000001ee90bb9800 GCTaskThread "GC Thread#3" [stack: 0x000000e368f00000,0x000000e369000000] [id=4144]
  0x000001eeed751800 ConcurrentGCThread "G1 Main Marker" [stack: 0x000000e367c00000,0x000000e367d00000] [id=4672]
  0x000001eeed754800 ConcurrentGCThread "G1 Conc#0" [stack: 0x000000e367d00000,0x000000e367e00000] [id=12204]
  0x000001eeff259800 ConcurrentGCThread "G1 Refine#0" [stack: 0x000000e367e00000,0x000000e367f00000] [id=2844]
  0x000001eeff25b800 ConcurrentGCThread "G1 Young RemSet Sampling" [stack: 0x000000e367f00000,0x000000e368000000] [id=8044]

Threads with active compile tasks:
C2 CompilerThread0   246461 9231       4       groovyjarjarantlr4.v4.runtime.atn.ParserATNSimulator::closure (784 bytes)
C2 CompilerThread1   246461 9215 %     4       groovyjarjarantlr4.v4.runtime.atn.LexerATNSimulator::getReachableConfigSet @ 77 (198 bytes)

VM state:not at safepoint (normal execution)

VM Mutex/Monitor currently owned by a thread: None

Heap address: 0x0000000740000000, size: 3072 MB, Compressed Oops mode: Zero based, Oop shift amount: 3
Narrow klass base: 0x0000000800000000, Narrow klass shift: 3
Compressed class space size: 1073741824 Address: 0x0000000800b40000

Heap:
 garbage-first heap   total 137216K, used 89070K [0x0000000740000000, 0x0000000800000000)
  region size 1024K, 31 young (31744K), 4 survivors (4096K)
 Metaspace       used 64779K, capacity 67057K, committed 67116K, reserved 1107968K
  class space    used 8737K, capacity 9591K, committed 9600K, reserved 1048576K
Heap Regions: E=young(eden), S=young(survivor), O=old, HS=humongous(starts), HC=humongous(continues), CS=collection set, F=free, A=archive, TAMS=top-at-mark-start (previous, next)
|   0|0x0000000740000000, 0x0000000740100000, 0x0000000740100000|100%|HS|  |TAMS 0x0000000740100000, 0x0000000740000000| Complete 
|   1|0x0000000740100000, 0x0000000740200000, 0x0000000740200000|100%|HC|  |TAMS 0x0000000740200000, 0x0000000740100000| Complete 
|   2|0x0000000740200000, 0x0000000740300000, 0x0000000740300000|100%|HC|  |TAMS 0x0000000740300000, 0x0000000740200000| Complete 
|   3|0x0000000740300000, 0x0000000740400000, 0x0000000740400000|100%| O|  |TAMS 0x0000000740400000, 0x0000000740300000| Untracked 
|   4|0x0000000740400000, 0x0000000740500000, 0x0000000740500000|100%| O|  |TAMS 0x0000000740500000, 0x0000000740400000| Untracked 
|   5|0x0000000740500000, 0x0000000740600000, 0x0000000740600000|100%| O|  |TAMS 0x0000000740600000, 0x0000000740500000| Untracked 
|   6|0x0000000740600000, 0x0000000740700000, 0x0000000740700000|100%| O|  |TAMS 0x0000000740700000, 0x0000000740600000| Untracked 
|   7|0x0000000740700000, 0x0000000740800000, 0x0000000740800000|100%| O|  |TAMS 0x0000000740800000, 0x0000000740700000| Untracked 
|   8|0x0000000740800000, 0x0000000740900000, 0x0000000740900000|100%| O|  |TAMS 0x0000000740900000, 0x0000000740800000| Untracked 
|   9|0x0000000740900000, 0x0000000740a00000, 0x0000000740a00000|100%| O|  |TAMS 0x0000000740a00000, 0x0000000740900000| Untracked 
|  10|0x0000000740a00000, 0x0000000740b00000, 0x0000000740b00000|100%| O|  |TAMS 0x0000000740b00000, 0x0000000740a00000| Untracked 
|  11|0x0000000740b00000, 0x0000000740b00000, 0x0000000740c00000|  0%| F|  |TAMS 0x0000000740b00000, 0x0000000740b00000| Untracked 
|  12|0x0000000740c00000, 0x0000000740d00000, 0x0000000740d00000|100%| O|  |TAMS 0x0000000740d00000, 0x0000000740c00000| Untracked 
|  13|0x0000000740d00000, 0x0000000740e00000, 0x0000000740e00000|100%| O|  |TAMS 0x0000000740e00000, 0x0000000740d00000| Untracked 
|  14|0x0000000740e00000, 0x0000000740f00000, 0x0000000740f00000|100%| O|  |TAMS 0x0000000740f00000, 0x0000000740e00000| Untracked 
|  15|0x0000000740f00000, 0x0000000740f00000, 0x0000000741000000|  0%| F|  |TAMS 0x0000000740f00000, 0x0000000740f00000| Untracked 
|  16|0x0000000741000000, 0x0000000741100000, 0x0000000741100000|100%| O|  |TAMS 0x0000000741100000, 0x0000000741000000| Untracked 
|  17|0x0000000741100000, 0x0000000741200000, 0x0000000741200000|100%| O|  |TAMS 0x0000000741200000, 0x0000000741100000| Untracked 
|  18|0x0000000741200000, 0x0000000741300000, 0x0000000741300000|100%| O|  |TAMS 0x0000000741300000, 0x0000000741200000| Untracked 
|  19|0x0000000741300000, 0x0000000741400000, 0x0000000741400000|100%| O|  |TAMS 0x0000000741400000, 0x0000000741300000| Untracked 
|  20|0x0000000741400000, 0x0000000741400000, 0x0000000741500000|  0%| F|  |TAMS 0x0000000741400000, 0x0000000741400000| Untracked 
|  21|0x0000000741500000, 0x0000000741600000, 0x0000000741600000|100%| O|  |TAMS 0x0000000741600000, 0x0000000741500000| Untracked 
|  22|0x0000000741600000, 0x0000000741700000, 0x0000000741700000|100%| O|  |TAMS 0x0000000741700000, 0x0000000741600000| Untracked 
|  23|0x0000000741700000, 0x0000000741700000, 0x0000000741800000|  0%| F|  |TAMS 0x0000000741700000, 0x0000000741700000| Untracked 
|  24|0x0000000741800000, 0x0000000741900000, 0x0000000741900000|100%| O|  |TAMS 0x0000000741900000, 0x0000000741800000| Untracked 
|  25|0x0000000741900000, 0x0000000741a00000, 0x0000000741a00000|100%| O|  |TAMS 0x0000000741a00000, 0x0000000741900000| Untracked 
|  26|0x0000000741a00000, 0x0000000741b00000, 0x0000000741b00000|100%| O|  |TAMS 0x0000000741b00000, 0x0000000741a00000| Untracked 
|  27|0x0000000741b00000, 0x0000000741c00000, 0x0000000741c00000|100%| O|  |TAMS 0x0000000741c00000, 0x0000000741b00000| Untracked 
|  28|0x0000000741c00000, 0x0000000741d00000, 0x0000000741d00000|100%| O|  |TAMS 0x0000000741d00000, 0x0000000741c00000| Untracked 
|  29|0x0000000741d00000, 0x0000000741e00000, 0x0000000741e00000|100%| O|  |TAMS 0x0000000741e00000, 0x0000000741d00000| Untracked 
|  30|0x0000000741e00000, 0x0000000741f00000, 0x0000000741f00000|100%| O|  |TAMS 0x0000000741f00000, 0x0000000741e00000| Untracked 
|  31|0x0000000741f00000, 0x0000000742000000, 0x0000000742000000|100%|HS|  |TAMS 0x0000000742000000, 0x0000000741f00000| Complete 
|  32|0x0000000742000000, 0x0000000742100000, 0x0000000742100000|100%|HC|  |TAMS 0x0000000742100000, 0x0000000742000000| Complete 
|  33|0x0000000742100000, 0x0000000742200000, 0x0000000742200000|100%| O|  |TAMS 0x0000000742200000, 0x0000000742100000| Untracked 
|  34|0x0000000742200000, 0x0000000742300000, 0x0000000742300000|100%| O|  |TAMS 0x0000000742300000, 0x0000000742200000| Untracked 
|  35|0x0000000742300000, 0x0000000742400000, 0x0000000742400000|100%| O|  |TAMS 0x0000000742400000, 0x0000000742300000| Untracked 
|  36|0x0000000742400000, 0x0000000742500000, 0x0000000742500000|100%| O|  |TAMS 0x0000000742500000, 0x0000000742400000| Untracked 
|  37|0x0000000742500000, 0x0000000742600000, 0x0000000742600000|100%| O|  |TAMS 0x0000000742600000, 0x0000000742500000| Untracked 
|  38|0x0000000742600000, 0x0000000742700000, 0x0000000742700000|100%| O|  |TAMS 0x0000000742700000, 0x0000000742600000| Untracked 
|  39|0x0000000742700000, 0x0000000742700000, 0x0000000742800000|  0%| F|  |TAMS 0x0000000742700000, 0x0000000742700000| Untracked 
|  40|0x0000000742800000, 0x0000000742900000, 0x0000000742900000|100%| O|  |TAMS 0x0000000742900000, 0x0000000742800000| Untracked 
|  41|0x0000000742900000, 0x0000000742a00000, 0x0000000742a00000|100%| O|  |TAMS 0x0000000742a00000, 0x0000000742900000| Untracked 
|  42|0x0000000742a00000, 0x0000000742b00000, 0x0000000742b00000|100%| O|  |TAMS 0x0000000742b00000, 0x0000000742a00000| Untracked 
|  43|0x0000000742b00000, 0x0000000742c00000, 0x0000000742c00000|100%| O|  |TAMS 0x0000000742c00000, 0x0000000742b00000| Untracked 
|  44|0x0000000742c00000, 0x0000000742d00000, 0x0000000742d00000|100%| O|  |TAMS 0x0000000742d00000, 0x0000000742c00000| Untracked 
|  45|0x0000000742d00000, 0x0000000742d00000, 0x0000000742e00000|  0%| F|  |TAMS 0x0000000742d00000, 0x0000000742d00000| Untracked 
|  46|0x0000000742e00000, 0x0000000742f00000, 0x0000000742f00000|100%| O|  |TAMS 0x0000000742f00000, 0x0000000742e00000| Untracked 
|  47|0x0000000742f00000, 0x0000000743000000, 0x0000000743000000|100%| O|  |TAMS 0x0000000743000000, 0x0000000742f00000| Untracked 
|  48|0x0000000743000000, 0x0000000743100000, 0x0000000743100000|100%| O|  |TAMS 0x0000000743100000, 0x0000000743000000| Untracked 
|  49|0x0000000743100000, 0x0000000743100000, 0x0000000743200000|  0%| F|  |TAMS 0x0000000743100000, 0x0000000743100000| Untracked 
|  50|0x0000000743200000, 0x0000000743300000, 0x0000000743300000|100%| O|  |TAMS 0x0000000743300000, 0x0000000743200000| Untracked 
|  51|0x0000000743300000, 0x0000000743400000, 0x0000000743400000|100%| O|  |TAMS 0x0000000743400000, 0x0000000743300000| Untracked 
|  52|0x0000000743400000, 0x0000000743400000, 0x0000000743500000|  0%| F|  |TAMS 0x0000000743400000, 0x0000000743400000| Untracked 
|  53|0x0000000743500000, 0x0000000743500000, 0x0000000743600000|  0%| F|  |TAMS 0x0000000743500000, 0x0000000743500000| Untracked 
|  54|0x0000000743600000, 0x0000000743600000, 0x0000000743700000|  0%| F|  |TAMS 0x0000000743600000, 0x0000000743600000| Untracked 
|  55|0x0000000743700000, 0x0000000743700000, 0x0000000743800000|  0%| F|  |TAMS 0x0000000743700000, 0x0000000743700000| Untracked 
|  56|0x0000000743800000, 0x0000000743900000, 0x0000000743900000|100%| O|  |TAMS 0x0000000743900000, 0x0000000743800000| Untracked 
|  57|0x0000000743900000, 0x0000000743a00000, 0x0000000743a00000|100%| O|  |TAMS 0x0000000743a00000, 0x0000000743900000| Untracked 
|  58|0x0000000743a00000, 0x0000000743b00000, 0x0000000743b00000|100%| O|  |TAMS 0x0000000743b00000, 0x0000000743a00000| Untracked 
|  59|0x0000000743b00000, 0x0000000743c00000, 0x0000000743c00000|100%| O|  |TAMS 0x0000000743c00000, 0x0000000743b00000| Untracked 
|  60|0x0000000743c00000, 0x0000000743d00000, 0x0000000743d00000|100%| O|  |TAMS 0x0000000743d00000, 0x0000000743c00000| Untracked 
|  61|0x0000000743d00000, 0x0000000743e00000, 0x0000000743e00000|100%| O|  |TAMS 0x0000000743e00000, 0x0000000743d00000| Untracked 
|  62|0x0000000743e00000, 0x0000000743f00000, 0x0000000743f00000|100%| O|  |TAMS 0x0000000743f00000, 0x0000000743e00000| Untracked 
|  63|0x0000000743f00000, 0x0000000744000000, 0x0000000744000000|100%| O|  |TAMS 0x0000000744000000, 0x0000000743f00000| Untracked 
|  64|0x0000000744000000, 0x0000000744100000, 0x0000000744100000|100%| O|  |TAMS 0x0000000744100000, 0x0000000744000000| Untracked 
|  65|0x0000000744100000, 0x0000000744200000, 0x0000000744200000|100%| O|  |TAMS 0x0000000744200000, 0x0000000744100000| Untracked 
|  66|0x0000000744200000, 0x0000000744300000, 0x0000000744300000|100%| O|  |TAMS 0x0000000744300000, 0x0000000744200000| Untracked 
|  67|0x0000000744300000, 0x0000000744400000, 0x0000000744400000|100%| O|  |TAMS 0x0000000744400000, 0x0000000744300000| Untracked 
|  68|0x0000000744400000, 0x00000007444e6a00, 0x0000000744500000| 90%| O|  |TAMS 0x00000007444e6a00, 0x0000000744400000| Untracked 
|  69|0x0000000744500000, 0x0000000744500000, 0x0000000744600000|  0%| F|  |TAMS 0x0000000744500000, 0x0000000744500000| Untracked 
|  70|0x0000000744600000, 0x0000000744600000, 0x0000000744700000|  0%| F|  |TAMS 0x0000000744600000, 0x0000000744600000| Untracked 
|  71|0x0000000744700000, 0x0000000744700000, 0x0000000744800000|  0%| F|  |TAMS 0x0000000744700000, 0x0000000744700000| Untracked 
|  72|0x0000000744800000, 0x0000000744800000, 0x0000000744900000|  0%| F|  |TAMS 0x0000000744800000, 0x0000000744800000| Untracked 
|  73|0x0000000744900000, 0x0000000744900000, 0x0000000744a00000|  0%| F|  |TAMS 0x0000000744900000, 0x0000000744900000| Untracked 
|  74|0x0000000744a00000, 0x0000000744a00000, 0x0000000744b00000|  0%| F|  |TAMS 0x0000000744a00000, 0x0000000744a00000| Untracked 
|  75|0x0000000744b00000, 0x0000000744b00000, 0x0000000744c00000|  0%| F|  |TAMS 0x0000000744b00000, 0x0000000744b00000| Untracked 
|  76|0x0000000744c00000, 0x0000000744c00000, 0x0000000744d00000|  0%| F|  |TAMS 0x0000000744c00000, 0x0000000744c00000| Untracked 
|  77|0x0000000744d00000, 0x0000000744d00000, 0x0000000744e00000|  0%| F|  |TAMS 0x0000000744d00000, 0x0000000744d00000| Untracked 
|  78|0x0000000744e00000, 0x0000000744e00000, 0x0000000744f00000|  0%| F|  |TAMS 0x0000000744e00000, 0x0000000744e00000| Untracked 
|  79|0x0000000744f00000, 0x0000000744f00000, 0x0000000745000000|  0%| F|  |TAMS 0x0000000744f00000, 0x0000000744f00000| Untracked 
|  80|0x0000000745000000, 0x0000000745000000, 0x0000000745100000|  0%| F|  |TAMS 0x0000000745000000, 0x0000000745000000| Untracked 
|  81|0x0000000745100000, 0x0000000745100000, 0x0000000745200000|  0%| F|  |TAMS 0x0000000745100000, 0x0000000745100000| Untracked 
|  82|0x0000000745200000, 0x0000000745200000, 0x0000000745300000|  0%| F|  |TAMS 0x0000000745200000, 0x0000000745200000| Untracked 
|  83|0x0000000745300000, 0x0000000745300000, 0x0000000745400000|  0%| F|  |TAMS 0x0000000745300000, 0x0000000745300000| Untracked 
|  84|0x0000000745400000, 0x0000000745400000, 0x0000000745500000|  0%| F|  |TAMS 0x0000000745400000, 0x0000000745400000| Untracked 
|  85|0x0000000745500000, 0x0000000745500000, 0x0000000745600000|  0%| F|  |TAMS 0x0000000745500000, 0x0000000745500000| Untracked 
|  86|0x0000000745600000, 0x0000000745600000, 0x0000000745700000|  0%| F|  |TAMS 0x0000000745600000, 0x0000000745600000| Untracked 
|  87|0x0000000745700000, 0x0000000745700000, 0x0000000745800000|  0%| F|  |TAMS 0x0000000745700000, 0x0000000745700000| Untracked 
|  88|0x0000000745800000, 0x0000000745814ea0, 0x0000000745900000|  8%| S|CS|TAMS 0x0000000745800000, 0x0000000745800000| Complete 
|  89|0x0000000745900000, 0x0000000745a00000, 0x0000000745a00000|100%| S|CS|TAMS 0x0000000745900000, 0x0000000745900000| Complete 
|  90|0x0000000745a00000, 0x0000000745b00000, 0x0000000745b00000|100%| S|CS|TAMS 0x0000000745a00000, 0x0000000745a00000| Complete 
|  91|0x0000000745b00000, 0x0000000745c00000, 0x0000000745c00000|100%| S|CS|TAMS 0x0000000745b00000, 0x0000000745b00000| Complete 
|  92|0x0000000745c00000, 0x0000000745c00000, 0x0000000745d00000|  0%| F|  |TAMS 0x0000000745c00000, 0x0000000745c00000| Untracked 
|  93|0x0000000745d00000, 0x0000000745d00000, 0x0000000745e00000|  0%| F|  |TAMS 0x0000000745d00000, 0x0000000745d00000| Untracked 
|  94|0x0000000745e00000, 0x0000000745e00000, 0x0000000745f00000|  0%| F|  |TAMS 0x0000000745e00000, 0x0000000745e00000| Untracked 
|  95|0x0000000745f00000, 0x0000000745f00000, 0x0000000746000000|  0%| F|  |TAMS 0x0000000745f00000, 0x0000000745f00000| Untracked 
|  96|0x0000000746000000, 0x0000000746000000, 0x0000000746100000|  0%| F|  |TAMS 0x0000000746000000, 0x0000000746000000| Untracked 
|  97|0x0000000746100000, 0x0000000746100000, 0x0000000746200000|  0%| F|  |TAMS 0x0000000746100000, 0x0000000746100000| Untracked 
|  98|0x0000000746200000, 0x0000000746200000, 0x0000000746300000|  0%| F|  |TAMS 0x0000000746200000, 0x0000000746200000| Untracked 
|  99|0x0000000746300000, 0x0000000746300000, 0x0000000746400000|  0%| F|  |TAMS 0x0000000746300000, 0x0000000746300000| Untracked 
| 100|0x0000000746400000, 0x0000000746400000, 0x0000000746500000|  0%| F|  |TAMS 0x0000000746400000, 0x0000000746400000| Untracked 
| 101|0x0000000746500000, 0x0000000746500000, 0x0000000746600000|  0%| F|  |TAMS 0x0000000746500000, 0x0000000746500000| Untracked 
| 102|0x0000000746600000, 0x0000000746600000, 0x0000000746700000|  0%| F|  |TAMS 0x0000000746600000, 0x0000000746600000| Untracked 
| 103|0x0000000746700000, 0x0000000746700000, 0x0000000746800000|  0%| F|  |TAMS 0x0000000746700000, 0x0000000746700000| Untracked 
| 104|0x0000000746800000, 0x0000000746800000, 0x0000000746900000|  0%| F|  |TAMS 0x0000000746800000, 0x0000000746800000| Untracked 
| 105|0x0000000746900000, 0x0000000746900000, 0x0000000746a00000|  0%| F|  |TAMS 0x0000000746900000, 0x0000000746900000| Untracked 
| 106|0x0000000746a00000, 0x0000000746a80800, 0x0000000746b00000| 50%| E|  |TAMS 0x0000000746a00000, 0x0000000746a00000| Complete 
| 107|0x0000000746b00000, 0x0000000746c00000, 0x0000000746c00000|100%| E|CS|TAMS 0x0000000746b00000, 0x0000000746b00000| Complete 
| 108|0x0000000746c00000, 0x0000000746d00000, 0x0000000746d00000|100%| E|CS|TAMS 0x0000000746c00000, 0x0000000746c00000| Complete 
| 109|0x0000000746d00000, 0x0000000746e00000, 0x0000000746e00000|100%| E|CS|TAMS 0x0000000746d00000, 0x0000000746d00000| Complete 
| 110|0x0000000746e00000, 0x0000000746f00000, 0x0000000746f00000|100%| E|CS|TAMS 0x0000000746e00000, 0x0000000746e00000| Complete 
| 111|0x0000000746f00000, 0x0000000747000000, 0x0000000747000000|100%| E|CS|TAMS 0x0000000746f00000, 0x0000000746f00000| Complete 
| 112|0x0000000747000000, 0x0000000747100000, 0x0000000747100000|100%| E|CS|TAMS 0x0000000747000000, 0x0000000747000000| Complete 
| 113|0x0000000747100000, 0x0000000747200000, 0x0000000747200000|100%| E|CS|TAMS 0x0000000747100000, 0x0000000747100000| Complete 
| 114|0x0000000747200000, 0x0000000747300000, 0x0000000747300000|100%| E|CS|TAMS 0x0000000747200000, 0x0000000747200000| Complete 
| 115|0x0000000747300000, 0x0000000747400000, 0x0000000747400000|100%| E|CS|TAMS 0x0000000747300000, 0x0000000747300000| Complete 
| 116|0x0000000747400000, 0x0000000747500000, 0x0000000747500000|100%| E|CS|TAMS 0x0000000747400000, 0x0000000747400000| Complete 
| 117|0x0000000747500000, 0x0000000747600000, 0x0000000747600000|100%| E|CS|TAMS 0x0000000747500000, 0x0000000747500000| Complete 
| 118|0x0000000747600000, 0x0000000747700000, 0x0000000747700000|100%| E|CS|TAMS 0x0000000747600000, 0x0000000747600000| Complete 
| 119|0x0000000747700000, 0x0000000747800000, 0x0000000747800000|100%| E|CS|TAMS 0x0000000747700000, 0x0000000747700000| Complete 
| 120|0x0000000747800000, 0x0000000747900000, 0x0000000747900000|100%| E|CS|TAMS 0x0000000747800000, 0x0000000747800000| Complete 
| 121|0x0000000747900000, 0x0000000747a00000, 0x0000000747a00000|100%| E|CS|TAMS 0x0000000747900000, 0x0000000747900000| Complete 
| 122|0x0000000747a00000, 0x0000000747b00000, 0x0000000747b00000|100%| E|CS|TAMS 0x0000000747a00000, 0x0000000747a00000| Complete 
| 123|0x0000000747b00000, 0x0000000747c00000, 0x0000000747c00000|100%| E|CS|TAMS 0x0000000747b00000, 0x0000000747b00000| Complete 
| 124|0x0000000747c00000, 0x0000000747d00000, 0x0000000747d00000|100%| E|CS|TAMS 0x0000000747c00000, 0x0000000747c00000| Complete 
| 125|0x0000000747d00000, 0x0000000747e00000, 0x0000000747e00000|100%| E|CS|TAMS 0x0000000747d00000, 0x0000000747d00000| Complete 
| 126|0x0000000747e00000, 0x0000000747f00000, 0x0000000747f00000|100%| E|CS|TAMS 0x0000000747e00000, 0x0000000747e00000| Complete 
| 127|0x0000000747f00000, 0x0000000748000000, 0x0000000748000000|100%| E|CS|TAMS 0x0000000747f00000, 0x0000000747f00000| Complete 
| 128|0x0000000748000000, 0x0000000748100000, 0x0000000748100000|100%| E|CS|TAMS 0x0000000748000000, 0x0000000748000000| Complete 
| 129|0x0000000748100000, 0x0000000748200000, 0x0000000748200000|100%| E|CS|TAMS 0x0000000748100000, 0x0000000748100000| Complete 
| 130|0x0000000748200000, 0x0000000748300000, 0x0000000748300000|100%| E|CS|TAMS 0x0000000748200000, 0x0000000748200000| Complete 
| 131|0x0000000748300000, 0x0000000748400000, 0x0000000748400000|100%| E|CS|TAMS 0x0000000748300000, 0x0000000748300000| Complete 
| 132|0x0000000748400000, 0x0000000748500000, 0x0000000748500000|100%| E|CS|TAMS 0x0000000748400000, 0x0000000748400000| Complete 
| 133|0x0000000748500000, 0x0000000748600000, 0x0000000748600000|100%| E|CS|TAMS 0x0000000748500000, 0x0000000748500000| Complete 

Card table byte_map: [0x000001eef61e0000,0x000001eef67e0000] _byte_map_base: 0x000001eef27e0000

Marking Bits (Prev, Next): (CMBitMap*) 0x000001eeed738658, (CMBitMap*) 0x000001eeed738698
 Prev Bits: [0x000001eef6de0000, 0x000001eef9de0000)
 Next Bits: [0x000001eef9de0000, 0x000001eefcde0000)

Polling page: 0x000001eeeb5a0000

Metaspace:

Usage:
  Non-class:     56.12 MB capacity,    54.73 MB ( 98%) used,     1.17 MB (  2%) free+waste,   223.56 KB ( <1%) overhead. 
      Class:      9.37 MB capacity,     8.53 MB ( 91%) used,   745.02 KB (  8%) free+waste,   108.94 KB (  1%) overhead. 
       Both:     65.49 MB capacity,    63.26 MB ( 97%) used,     1.90 MB (  3%) free+waste,   332.50 KB ( <1%) overhead. 

Virtual space:
  Non-class space:       58.00 MB reserved,      56.17 MB ( 97%) committed 
      Class space:        1.00 GB reserved,       9.38 MB ( <1%) committed 
             Both:        1.06 GB reserved,      65.54 MB (  6%) committed 

Chunk freelists:
   Non-Class:  50.00 KB
       Class:  9.00 KB
        Both:  59.00 KB

MaxMetaspaceSize: 17179869184.00 GB
CompressedClassSpaceSize: 1.00 GB

CodeHeap 'non-profiled nmethods': size=120064Kb used=5265Kb max_used=5265Kb free=114798Kb
 bounds [0x000001ee87ac0000, 0x000001ee87ff0000, 0x000001ee8f000000]
CodeHeap 'profiled nmethods': size=120000Kb used=17798Kb max_used=17798Kb free=102201Kb
 bounds [0x000001ee80590000, 0x000001ee81700000, 0x000001ee87ac0000]
CodeHeap 'non-nmethods': size=5696Kb used=2412Kb max_used=2483Kb free=3283Kb
 bounds [0x000001ee80000000, 0x000001ee80280000, 0x000001ee80590000]
 total_blobs=12803 nmethods=7993 adapters=807
 compilation: enabled
              stopped_count=0, restarted_count=0
 full_count=0

Compilation events (20 events):
Event: 246.351 Thread 0x000001eeff40d000 9236       3       java.util.HashMap::newTreeNode (13 bytes)
Event: 246.351 Thread 0x000001eeff40d000 nmethod 9236 0x000001ee816ec290 code [0x000001ee816ec460, 0x000001ee816ec918]
Event: 246.359 Thread 0x000001eeff402000 nmethod 9230 0x000001ee87fe3810 code [0x000001ee87fe39c0, 0x000001ee87fe4338]
Event: 246.360 Thread 0x000001eeff402000 9231       4       groovyjarjarantlr4.v4.runtime.atn.ParserATNSimulator::closure (784 bytes)
Event: 246.374 Thread 0x000001eeff40d000 9243       3       groovyjarjarantlr4.v4.runtime.dfa.DFA::getPrecedenceStartState (51 bytes)
Event: 246.375 Thread 0x000001eeff40d000 nmethod 9243 0x000001ee816eca90 code [0x000001ee816eccc0, 0x000001ee816ed690]
Event: 246.382 Thread 0x000001eeff40d000 9245       3       java.util.HashMap$TreeNode::split (218 bytes)
Event: 246.383 Thread 0x000001eeff40d000 nmethod 9245 0x000001ee816ed910 code [0x000001ee816edba0, 0x000001ee816eec80]
Event: 246.387 Thread 0x000001eeff40d000 9246       3       org.apache.groovy.parser.antlr4.GroovyLexer::isInsideParens (61 bytes)
Event: 246.387 Thread 0x000001eeff40d000 nmethod 9246 0x000001ee816ef110 code [0x000001ee816ef300, 0x000001ee816ef870]
Event: 246.390 Thread 0x000001eeff40d000 9247       3       groovyjarjarantlr4.v4.runtime.misc.IntegerList::removeAt (53 bytes)
Event: 246.390 Thread 0x000001eeff40d000 nmethod 9247 0x000001ee816ef990 code [0x000001ee816efb80, 0x000001ee816f0000]
Event: 246.397 Thread 0x000001eeff40d000 9249 %     3       java.util.HashMap$TreeNode::putTreeVal @ 27 (314 bytes)
Event: 246.398 Thread 0x000001eeff40d000 nmethod 9249% 0x000001ee816f0210 code [0x000001ee816f04e0, 0x000001ee816f1970]
Event: 246.398 Thread 0x000001eeff40d000 9250       3       java.util.HashMap$TreeNode::putTreeVal (314 bytes)
Event: 246.399 Thread 0x000001eeff40d000 nmethod 9250 0x000001ee816f1f10 code [0x000001ee816f21e0, 0x000001ee816f34f0]
Event: 246.399 Thread 0x000001eeff40d000 9251       2       groovyjarjarantlr4.v4.runtime.atn.ParserATNSimulator::getPredsForAmbigAlts (143 bytes)
Event: 246.400 Thread 0x000001eeff40d000 nmethod 9251 0x000001ee816f3a90 code [0x000001ee816f3ca0, 0x000001ee816f4470]
Event: 246.401 Thread 0x000001eeff40d000 9252       2       groovyjarjarantlr4.v4.runtime.dfa.ArrayEdgeMap::get (32 bytes)
Event: 246.401 Thread 0x000001eeff40d000 nmethod 9252 0x000001ee816f4790 code [0x000001ee816f4980, 0x000001ee816f4e70]

GC Heap History (20 events):
Event: 59.242 GC heap before
{Heap before GC invocations=26 (full 0):
 garbage-first heap   total 104448K, used 73304K [0x0000000740000000, 0x0000000800000000)
  region size 1024K, 23 young (23552K), 4 survivors (4096K)
 Metaspace       used 58331K, capacity 60242K, committed 60332K, reserved 1101824K
  class space    used 7979K, capacity 8686K, committed 8704K, reserved 1048576K
}
Event: 59.249 GC heap after
{Heap after GC invocations=27 (full 0):
 garbage-first heap   total 104448K, used 56004K [0x0000000740000000, 0x0000000800000000)
  region size 1024K, 3 young (3072K), 3 survivors (3072K)
 Metaspace       used 58331K, capacity 60242K, committed 60332K, reserved 1101824K
  class space    used 7979K, capacity 8686K, committed 8704K, reserved 1048576K
}
Event: 186.316 GC heap before
{Heap before GC invocations=27 (full 0):
 garbage-first heap   total 104448K, used 81604K [0x0000000740000000, 0x0000000800000000)
  region size 1024K, 28 young (28672K), 3 survivors (3072K)
 Metaspace       used 59128K, capacity 61078K, committed 61228K, reserved 1101824K
  class space    used 8014K, capacity 8766K, committed 8832K, reserved 1048576K
}
Event: 186.325 GC heap after
{Heap after GC invocations=28 (full 0):
 garbage-first heap   total 104448K, used 58341K [0x0000000740000000, 0x0000000800000000)
  region size 1024K, 4 young (4096K), 4 survivors (4096K)
 Metaspace       used 59128K, capacity 61078K, committed 61228K, reserved 1101824K
  class space    used 8014K, capacity 8766K, committed 8832K, reserved 1048576K
}
Event: 243.697 GC heap before
{Heap before GC invocations=29 (full 0):
 garbage-first heap   total 104448K, used 81893K [0x0000000740000000, 0x0000000800000000)
  region size 1024K, 28 young (28672K), 4 survivors (4096K)
 Metaspace       used 61815K, capacity 63877K, committed 64044K, reserved 1103872K
  class space    used 8454K, capacity 9246K, committed 9344K, reserved 1048576K
}
Event: 243.705 GC heap after
{Heap after GC invocations=30 (full 0):
 garbage-first heap   total 104448K, used 61117K [0x0000000740000000, 0x0000000800000000)
  region size 1024K, 3 young (3072K), 3 survivors (3072K)
 Metaspace       used 61815K, capacity 63877K, committed 64044K, reserved 1103872K
  class space    used 8454K, capacity 9246K, committed 9344K, reserved 1048576K
}
Event: 244.011 GC heap before
{Heap before GC invocations=30 (full 0):
 garbage-first heap   total 104448K, used 84669K [0x0000000740000000, 0x0000000800000000)
  region size 1024K, 26 young (26624K), 3 survivors (3072K)
 Metaspace       used 62210K, capacity 64208K, committed 64556K, reserved 1103872K
  class space    used 8486K, capacity 9250K, committed 9344K, reserved 1048576K
}
Event: 244.019 GC heap after
{Heap after GC invocations=31 (full 0):
 garbage-first heap   total 104448K, used 61754K [0x0000000740000000, 0x0000000800000000)
  region size 1024K, 1 young (1024K), 1 survivors (1024K)
 Metaspace       used 62210K, capacity 64208K, committed 64556K, reserved 1103872K
  class space    used 8486K, capacity 9250K, committed 9344K, reserved 1048576K
}
Event: 244.442 GC heap before
{Heap before GC invocations=32 (full 0):
 garbage-first heap   total 107520K, used 85306K [0x0000000740000000, 0x0000000800000000)
  region size 1024K, 24 young (24576K), 1 survivors (1024K)
 Metaspace       used 62265K, capacity 64272K, committed 64556K, reserved 1103872K
  class space    used 8486K, capacity 9250K, committed 9344K, reserved 1048576K
}
Event: 244.447 GC heap after
{Heap after GC invocations=33 (full 0):
 garbage-first heap   total 107520K, used 63240K [0x0000000740000000, 0x0000000800000000)
  region size 1024K, 3 young (3072K), 3 survivors (3072K)
 Metaspace       used 62265K, capacity 64272K, committed 64556K, reserved 1103872K
  class space    used 8486K, capacity 9250K, committed 9344K, reserved 1048576K
}
Event: 244.457 GC heap before
{Heap before GC invocations=33 (full 0):
 garbage-first heap   total 107520K, used 65288K [0x0000000740000000, 0x0000000800000000)
  region size 1024K, 5 young (5120K), 3 survivors (3072K)
 Metaspace       used 62265K, capacity 64272K, committed 64556K, reserved 1103872K
  class space    used 8486K, capacity 9250K, committed 9344K, reserved 1048576K
}
Event: 244.467 GC heap after
{Heap after GC invocations=34 (full 0):
 garbage-first heap   total 107520K, used 59793K [0x0000000740000000, 0x0000000800000000)
  region size 1024K, 1 young (1024K), 1 survivors (1024K)
 Metaspace       used 62265K, capacity 64272K, committed 64556K, reserved 1103872K
  class space    used 8486K, capacity 9250K, committed 9344K, reserved 1048576K
}
Event: 244.565 GC heap before
{Heap before GC invocations=34 (full 0):
 garbage-first heap   total 107520K, used 85393K [0x0000000740000000, 0x0000000800000000)
  region size 1024K, 26 young (26624K), 1 survivors (1024K)
 Metaspace       used 62273K, capacity 64272K, committed 64556K, reserved 1103872K
  class space    used 8486K, capacity 9250K, committed 9344K, reserved 1048576K
}
Event: 244.569 GC heap after
{Heap after GC invocations=35 (full 0):
 garbage-first heap   total 107520K, used 60349K [0x0000000740000000, 0x0000000800000000)
  region size 1024K, 2 young (2048K), 2 survivors (2048K)
 Metaspace       used 62273K, capacity 64272K, committed 64556K, reserved 1103872K
  class space    used 8486K, capacity 9250K, committed 9344K, reserved 1048576K
}
Event: 244.731 GC heap before
{Heap before GC invocations=35 (full 0):
 garbage-first heap   total 137216K, used 85949K [0x0000000740000000, 0x0000000800000000)
  region size 1024K, 27 young (27648K), 2 survivors (2048K)
 Metaspace       used 62281K, capacity 64272K, committed 64556K, reserved 1103872K
  class space    used 8486K, capacity 9250K, committed 9344K, reserved 1048576K
}
Event: 244.733 GC heap after
{Heap after GC invocations=36 (full 0):
 garbage-first heap   total 137216K, used 59772K [0x0000000740000000, 0x0000000800000000)
  region size 1024K, 1 young (1024K), 1 survivors (1024K)
 Metaspace       used 62281K, capacity 64272K, committed 64556K, reserved 1103872K
  class space    used 8486K, capacity 9250K, committed 9344K, reserved 1048576K
}
Event: 245.121 GC heap before
{Heap before GC invocations=37 (full 0):
 garbage-first heap   total 137216K, used 99708K [0x0000000740000000, 0x0000000800000000)
  region size 1024K, 40 young (40960K), 1 survivors (1024K)
 Metaspace       used 62318K, capacity 64336K, committed 64556K, reserved 1103872K
  class space    used 8486K, capacity 9250K, committed 9344K, reserved 1048576K
}
Event: 245.123 GC heap after
{Heap after GC invocations=38 (full 0):
 garbage-first heap   total 137216K, used 60341K [0x0000000740000000, 0x0000000800000000)
  region size 1024K, 2 young (2048K), 2 survivors (2048K)
 Metaspace       used 62318K, capacity 64336K, committed 64556K, reserved 1103872K
  class space    used 8486K, capacity 9250K, committed 9344K, reserved 1048576K
}
Event: 246.318 GC heap before
{Heap before GC invocations=38 (full 0):
 garbage-first heap   total 137216K, used 101301K [0x0000000740000000, 0x0000000800000000)
  region size 1024K, 42 young (43008K), 2 survivors (2048K)
 Metaspace       used 64730K, capacity 66993K, committed 67116K, reserved 1107968K
  class space    used 8733K, capacity 9591K, committed 9600K, reserved 1048576K
}
Event: 246.322 GC heap after
{Heap after GC invocations=39 (full 0):
 garbage-first heap   total 137216K, used 62446K [0x0000000740000000, 0x0000000800000000)
  region size 1024K, 4 young (4096K), 4 survivors (4096K)
 Metaspace       used 64730K, capacity 66993K, committed 67116K, reserved 1107968K
  class space    used 8733K, capacity 9591K, committed 9600K, reserved 1048576K
}

Deoptimization events (20 events):
Event: 246.416 Thread 0x000001ee948e3000 DEOPT PACKING pc=0x000001ee8157fb10 sp=0x000000e3691f6bf0
Event: 246.416 Thread 0x000001ee948e3000 DEOPT UNPACKING pc=0x000001ee8004964e sp=0x000000e3691f6140 mode 0
Event: 246.418 Thread 0x000001ee948e3000 DEOPT PACKING pc=0x000001ee8157fb10 sp=0x000000e3691f71b0
Event: 246.418 Thread 0x000001ee948e3000 DEOPT UNPACKING pc=0x000001ee8004964e sp=0x000000e3691f6700 mode 0
Event: 246.418 Thread 0x000001ee948e3000 DEOPT PACKING pc=0x000001ee815860ee sp=0x000000e3691f7710
Event: 246.418 Thread 0x000001ee948e3000 DEOPT UNPACKING pc=0x000001ee8004964e sp=0x000000e3691f6c98 mode 0
Event: 246.419 Thread 0x000001ee948e3000 DEOPT PACKING pc=0x000001ee8157fb10 sp=0x000000e3691f6d60
Event: 246.419 Thread 0x000001ee948e3000 DEOPT UNPACKING pc=0x000001ee8004964e sp=0x000000e3691f62b0 mode 0
Event: 246.421 Thread 0x000001ee948e3000 DEOPT PACKING pc=0x000001ee8157fb10 sp=0x000000e3691f7490
Event: 246.421 Thread 0x000001ee948e3000 DEOPT UNPACKING pc=0x000001ee8004964e sp=0x000000e3691f69e0 mode 0
Event: 246.422 Thread 0x000001ee948e3000 DEOPT PACKING pc=0x000001ee8150b72e sp=0x000000e3691f7600
Event: 246.422 Thread 0x000001ee948e3000 DEOPT UNPACKING pc=0x000001ee8004964e sp=0x000000e3691f6b18 mode 0
Event: 246.430 Thread 0x000001ee948e3000 DEOPT PACKING pc=0x000001ee8157fb10 sp=0x000000e3691f7490
Event: 246.430 Thread 0x000001ee948e3000 DEOPT UNPACKING pc=0x000001ee8004964e sp=0x000000e3691f69e0 mode 0
Event: 246.431 Thread 0x000001ee948e3000 DEOPT PACKING pc=0x000001ee815860cd sp=0x000000e3691f7710
Event: 246.431 Thread 0x000001ee948e3000 DEOPT UNPACKING pc=0x000001ee8004964e sp=0x000000e3691f6c98 mode 0
Event: 246.431 Thread 0x000001ee948e3000 DEOPT PACKING pc=0x000001ee81572cf4 sp=0x000000e3691f7280
Event: 246.431 Thread 0x000001ee948e3000 DEOPT UNPACKING pc=0x000001ee8004964e sp=0x000000e3691f6768 mode 0
Event: 246.431 Thread 0x000001ee948e3000 DEOPT PACKING pc=0x000001ee8157fb10 sp=0x000000e3691f6d60
Event: 246.431 Thread 0x000001ee948e3000 DEOPT UNPACKING pc=0x000001ee8004964e sp=0x000000e3691f62b0 mode 0

Classes unloaded (0 events):
No events

Classes redefined (0 events):
No events

Internal exceptions (20 events):
Event: 20.536 Thread 0x000001ee9107a000 Exception <a 'java/lang/ClassNotFoundException'{0x0000000745daaae0}: java/util/HashMapCustomizer> (0x0000000745daaae0) 
thrown [t:/workspace/open/src/hotspot/share/classfile/systemDictionary.cpp, line 232]
Event: 20.541 Thread 0x000001ee9107a000 Exception <a 'java/lang/ClassNotFoundException'{0x0000000745c57bb8}: java/util/LinkedHashMapBeanInfo> (0x0000000745c57bb8) 
thrown [t:/workspace/open/src/hotspot/share/classfile/systemDictionary.cpp, line 232]
Event: 20.541 Thread 0x000001ee9107a000 Exception <a 'java/lang/ClassNotFoundException'{0x0000000745c64390}: java/util/LinkedHashMapCustomizer> (0x0000000745c64390) 
thrown [t:/workspace/open/src/hotspot/share/classfile/systemDictionary.cpp, line 232]
Event: 20.691 Thread 0x000001ee90dad000 Exception <a 'java/lang/NoSuchMethodError'{0x000000074561f188}: static Lorg/gradle/tooling/internal/provider/serialization/ClassLoaderDetails;.<clinit>()V> (0x000000074561f188) 
thrown [t:/workspace/open/src/hotspot/share/prims/jni.cpp, line 1347]
Event: 20.692 Thread 0x000001ee90dad000 Exception <a 'java/lang/NoSuchMethodError'{0x000000074562f678}: static Lorg/gradle/tooling/internal/provider/serialization/WellKnownClassLoaderRegistry$KnownClassLoaderSpec;.<clinit>()V> (0x000000074562f678) 
thrown [t:/workspace/open/src/hotspot/share/prims/jni.cpp, line 1347]
Event: 20.692 Thread 0x000001ee90dad000 Exception <a 'java/lang/NoSuchMethodError'{0x0000000745630dc0}: static Lorg/gradle/internal/classloader/ClassLoaderSpec;.<clinit>()V> (0x0000000745630dc0) 
thrown [t:/workspace/open/src/hotspot/share/prims/jni.cpp, line 1347]
Event: 20.693 Thread 0x000001ee90dad000 Exception <a 'java/lang/NoSuchMethodError'{0x0000000745642ae0}: static Lorg/gradle/internal/classloader/ClassLoaderSpec;.<clinit>()V> (0x0000000745642ae0) 
thrown [t:/workspace/open/src/hotspot/share/prims/jni.cpp, line 1347]
Event: 20.694 Thread 0x000001ee90dad000 Exception <a 'java/lang/NoSuchMethodError'{0x000000074564e5f8}: static Lorg/gradle/internal/classloader/VisitableURLClassLoader$Spec;.<clinit>()V> (0x000000074564e5f8) 
thrown [t:/workspace/open/src/hotspot/share/prims/jni.cpp, line 1347]
Event: 22.350 Thread 0x000001ee90cbd800 Implicit null exception at 0x000001ee87d81b04 to 0x000001ee87d82012
Event: 186.084 Thread 0x000001ee948e3000 Exception <a 'java/lang/ClassNotFoundException'{0x00000007455ff7d0}: ijresolvers_6ppivvst5h69cmodzxw7vqkwvBeanInfo> (0x00000007455ff7d0) 
thrown [t:/workspace/open/src/hotspot/share/classfile/systemDictionary.cpp, line 232]
Event: 186.084 Thread 0x000001ee948e3000 Exception <a 'java/lang/ClassNotFoundException'{0x000000074540c630}: ijresolvers_6ppivvst5h69cmodzxw7vqkwvCustomizer> (0x000000074540c630) 
thrown [t:/workspace/open/src/hotspot/share/classfile/systemDictionary.cpp, line 232]
Event: 186.090 Thread 0x000001ee948e3000 Exception <a 'java/lang/ClassNotFoundException'{0x0000000745440378}: SetupUtpTestResultListenerActionBeanInfo> (0x0000000745440378) 
thrown [t:/workspace/open/src/hotspot/share/classfile/systemDictionary.cpp, line 232]
Event: 186.090 Thread 0x000001ee948e3000 Exception <a 'java/lang/ClassNotFoundException'{0x00000007454448d8}: SetupUtpTestResultListenerActionCustomizer> (0x00000007454448d8) 
thrown [t:/workspace/open/src/hotspot/share/classfile/systemDictionary.cpp, line 232]
Event: 186.123 Thread 0x000001ee948e3000 Exception <a 'java/lang/ClassNotFoundException'{0x00000007454f9d00}: ijtestinit_9rpgzezsvnurly982w0jizgn5BeanInfo> (0x00000007454f9d00) 
thrown [t:/workspace/open/src/hotspot/share/classfile/systemDictionary.cpp, line 232]
Event: 186.124 Thread 0x000001ee948e3000 Exception <a 'java/lang/ClassNotFoundException'{0x0000000745206840}: ijtestinit_9rpgzezsvnurly982w0jizgn5Customizer> (0x0000000745206840) 
thrown [t:/workspace/open/src/hotspot/share/classfile/systemDictionary.cpp, line 232]
Event: 243.509 Thread 0x000001ee948e3000 Exception <a 'java/lang/NoSuchMethodError'{0x0000000745b9ab78}: 'void java.lang.invoke.DirectMethodHandle$Holder.invokeVirtual(java.lang.Object, java.lang.Object)'> (0x0000000745b9ab78) 
thrown [t:/workspace/open/src/hotspot/share/interpreter/linkResolver.cpp, line 767]
Event: 245.455 Thread 0x000001ee948e3000 Exception <a 'java/lang/NoSuchMethodError'{0x000000074758eed8}: 'void java.lang.invoke.DirectMethodHandle$Holder.invokeSpecialIFC(java.lang.Object, java.lang.Object, java.lang.Object)'> (0x000000074758eed8) 
thrown [t:/workspace/open/src/hotspot/share/interpreter/linkResolver.cpp, line 767]
Event: 245.513 Thread 0x000001ee948e3000 Implicit null exception at 0x000001ee87b0d5b3 to 0x000001ee87b0d746
Event: 245.976 Thread 0x000001ee948e3000 Exception <a 'java/lang/ClassNotFoundException'{0x0000000746976b08}: build_4jr5vmvzhbxte9slh9l7e1uzjBeanInfo> (0x0000000746976b08) 
thrown [t:/workspace/open/src/hotspot/share/classfile/systemDictionary.cpp, line 232]
Event: 246.016 Thread 0x000001ee948e3000 Exception <a 'java/lang/ClassNotFoundException'{0x0000000746983488}: build_4jr5vmvzhbxte9slh9l7e1uzjCustomizer> (0x0000000746983488) 
thrown [t:/workspace/open/src/hotspot/share/classfile/systemDictionary.cpp, line 232]

Events (20 events):
Event: 246.291 Thread 0x000001ee90433000 Thread added: 0x000001ee90433000
Event: 246.292 Thread 0x000001ee9042e000 Thread added: 0x000001ee9042e000
Event: 246.293 Thread 0x000001ee90431800 Thread added: 0x000001ee90431800
Event: 246.294 Thread 0x000001ee90434800 Thread added: 0x000001ee90434800
Event: 246.313 Executing VM operation: G1CollectForAllocation
Event: 246.323 Executing VM operation: G1CollectForAllocation done
Event: 246.326 loading class org/gradle/groovy/scripts/internal/FilteringScriptTransformer
Event: 246.326 loading class org/gradle/groovy/scripts/internal/FilteringScriptTransformer done
Event: 246.326 loading class org/gradle/groovy/scripts/internal/TaskDefinitionScriptTransformer
Event: 246.326 loading class org/gradle/groovy/scripts/internal/TaskDefinitionScriptTransformer done
Event: 246.327 loading class org/gradle/groovy/scripts/internal/FixMainScriptTransformer
Event: 246.327 loading class org/gradle/groovy/scripts/internal/FixMainScriptTransformer done
Event: 246.328 loading class org/gradle/groovy/scripts/internal/StatementLabelsScriptTransformer
Event: 246.328 loading class org/gradle/groovy/scripts/internal/StatementLabelsScriptTransformer done
Event: 246.328 loading class org/gradle/model/dsl/internal/transform/ModelBlockTransformer
Event: 246.328 loading class org/gradle/model/dsl/internal/transform/ModelBlockTransformer done
Event: 246.328 Executing VM operation: RevokeBias
Event: 246.328 Executing VM operation: RevokeBias done
Event: 246.328 Executing VM operation: RevokeBias
Event: 246.329 Executing VM operation: RevokeBias done


Dynamic libraries:
0x00007ff655470000 - 0x00007ff65547f000 	C:\Program Files\Java\jdk-13.0.1\bin\java.exe
0x00007ff9af560000 - 0x00007ff9af750000 	C:\Windows\SYSTEM32\ntdll.dll
0x00007ff9af120000 - 0x00007ff9af1d2000 	C:\Windows\System32\KERNEL32.DLL
0x00007ff9ad260000 - 0x00007ff9ad503000 	C:\Windows\System32\KERNELBASE.dll
0x00007ff9ad510000 - 0x00007ff9ad60a000 	C:\Windows\System32\ucrtbase.dll
0x00007ff9887b0000 - 0x00007ff9887c8000 	C:\Program Files\Java\jdk-13.0.1\bin\jli.dll
0x00007ff988790000 - 0x00007ff9887a5000 	C:\Program Files\Java\jdk-13.0.1\bin\VCRUNTIME140.dll
0x00007ff9af1e0000 - 0x00007ff9af283000 	C:\Windows\System32\ADVAPI32.dll
0x00007ff9adeb0000 - 0x00007ff9adf4e000 	C:\Windows\System32\msvcrt.dll
0x00007ff9af010000 - 0x00007ff9af0a7000 	C:\Windows\System32\sechost.dll
0x00007ff9ae910000 - 0x00007ff9aea30000 	C:\Windows\System32\RPCRT4.dll
0x00007ff9aed30000 - 0x00007ff9aeec3000 	C:\Windows\System32\USER32.dll
0x00007ff9acf50000 - 0x00007ff9acf71000 	C:\Windows\System32\win32u.dll
0x00007ff9aed00000 - 0x00007ff9aed26000 	C:\Windows\System32\GDI32.dll
0x00007ff9acd10000 - 0x00007ff9acea4000 	C:\Windows\System32\gdi32full.dll
0x00007ff9981d0000 - 0x00007ff998455000 	C:\Windows\WinSxS\amd64_microsoft.windows.common-controls_6595b64144ccf1df_6.0.18362.356_none_e6c4af7d130f27cc\COMCTL32.dll
0x00007ff9acc70000 - 0x00007ff9acd0e000 	C:\Windows\System32\msvcp_win.dll
0x00007ff9ae0b0000 - 0x00007ff9ae3e6000 	C:\Windows\System32\combase.dll
0x00007ff9aceb0000 - 0x00007ff9acf30000 	C:\Windows\System32\bcryptPrimitives.dll
0x00007ff9a71a0000 - 0x00007ff9a71aa000 	C:\Windows\SYSTEM32\VERSION.dll
0x00007ff9aec60000 - 0x00007ff9aec8e000 	C:\Windows\System32\IMM32.DLL
0x00007ff95d9e0000 - 0x00007ff95da7b000 	C:\Program Files\Java\jdk-13.0.1\bin\msvcp140.dll
0x00007ff9565d0000 - 0x00007ff957136000 	C:\Program Files\Java\jdk-13.0.1\bin\server\jvm.dll
0x00007ff9af370000 - 0x00007ff9af378000 	C:\Windows\System32\PSAPI.DLL
0x00007ff9aa480000 - 0x00007ff9aa4a4000 	C:\Windows\SYSTEM32\WINMM.dll
0x00007ff9a8de0000 - 0x00007ff9a8de9000 	C:\Windows\SYSTEM32\WSOCK32.dll
0x00007ff9aec90000 - 0x00007ff9aecff000 	C:\Windows\System32\WS2_32.dll
0x00007ff9aa400000 - 0x00007ff9aa42d000 	C:\Windows\SYSTEM32\WINMMBASE.dll
0x00007ff9ad210000 - 0x00007ff9ad25a000 	C:\Windows\System32\cfgmgr32.dll
0x00007ff9ac490000 - 0x00007ff9ac4a1000 	C:\Windows\System32\kernel.appcore.dll
0x00007ff999330000 - 0x00007ff999340000 	C:\Program Files\Java\jdk-13.0.1\bin\verify.dll
0x00007ff999880000 - 0x00007ff999a74000 	C:\Windows\SYSTEM32\DBGHELP.DLL
0x00007ff9768b0000 - 0x00007ff9768da000 	C:\Windows\SYSTEM32\dbgcore.DLL
0x00007ff9817f0000 - 0x00007ff981816000 	C:\Program Files\Java\jdk-13.0.1\bin\java.dll
0x00007ff981570000 - 0x00007ff981587000 	C:\Program Files\Java\jdk-13.0.1\bin\zip.dll
0x00007ff995c90000 - 0x00007ff995c9a000 	C:\Program Files\Java\jdk-13.0.1\bin\jimage.dll
0x00007ff9ad7c0000 - 0x00007ff9adea5000 	C:\Windows\System32\SHELL32.dll
0x00007ff9ae860000 - 0x00007ff9ae909000 	C:\Windows\System32\shcore.dll
0x00007ff9ac4f0000 - 0x00007ff9acc6e000 	C:\Windows\System32\windows.storage.dll
0x00007ff9ac4b0000 - 0x00007ff9ac4cf000 	C:\Windows\System32\profapi.dll
0x00007ff9ac440000 - 0x00007ff9ac48a000 	C:\Windows\System32\powrprof.dll
0x00007ff9ac430000 - 0x00007ff9ac440000 	C:\Windows\System32\UMPDC.dll
0x00007ff9af310000 - 0x00007ff9af362000 	C:\Windows\System32\shlwapi.dll
0x00007ff9acf30000 - 0x00007ff9acf47000 	C:\Windows\System32\cryptsp.dll
0x00007ff981550000 - 0x00007ff981569000 	C:\Program Files\Java\jdk-13.0.1\bin\net.dll
0x00007ff9a3570000 - 0x00007ff9a3660000 	C:\Windows\SYSTEM32\WINHTTP.dll
0x00007ff9abca0000 - 0x00007ff9abd07000 	C:\Windows\system32\mswsock.dll
0x00007ff980e60000 - 0x00007ff980e73000 	C:\Program Files\Java\jdk-13.0.1\bin\nio.dll
0x00007ff980e30000 - 0x00007ff980e57000 	C:\Users\User\.gradle\native\e1d6ef7f7dcc3fd88c89a11ec53ec762bb8ba0a96d01ffa2cd45eb1d1d8dd5c5\windows-amd64\native-platform.dll
0x00007ff95bda0000 - 0x00007ff95bee4000 	C:\Users\User\.gradle\native\0d407fdbe67a94daf76414ababcb853783967236a71b16ec16e742cd7a986fd3\windows-amd64\native-platform-file-events.dll
0x00007ff988330000 - 0x00007ff988339000 	C:\Program Files\Java\jdk-13.0.1\bin\management.dll
0x00007ff9817e0000 - 0x00007ff9817eb000 	C:\Program Files\Java\jdk-13.0.1\bin\management_ext.dll
0x00007ff9ab7b0000 - 0x00007ff9ab7e3000 	C:\Windows\system32\rsaenh.dll
0x00007ff9ad180000 - 0x00007ff9ad1a6000 	C:\Windows\System32\bcrypt.dll
0x00007ff9ac320000 - 0x00007ff9ac345000 	C:\Windows\SYSTEM32\USERENV.dll
0x00007ff9abe70000 - 0x00007ff9abe7c000 	C:\Windows\SYSTEM32\CRYPTBASE.dll
0x00007ff9ab950000 - 0x00007ff9ab98a000 	C:\Windows\SYSTEM32\IPHLPAPI.DLL
0x00007ff9ad670000 - 0x00007ff9ad678000 	C:\Windows\System32\NSI.dll
0x00007ff9a6b80000 - 0x00007ff9a6b96000 	C:\Windows\SYSTEM32\dhcpcsvc6.DLL
0x00007ff9a6a90000 - 0x00007ff9a6aac000 	C:\Windows\SYSTEM32\dhcpcsvc.DLL
0x00007ff9ab990000 - 0x00007ff9aba5a000 	C:\Windows\SYSTEM32\DNSAPI.dll
0x00007ff9808e0000 - 0x00007ff980905000 	C:\Program Files\Java\jdk-13.0.1\bin\sunec.dll
0x00007ff981540000 - 0x00007ff98154e000 	C:\Program Files\Java\jdk-13.0.1\bin\sunmscapi.dll
0x00007ff9acf80000 - 0x00007ff9ad0c9000 	C:\Windows\System32\CRYPT32.dll
0x00007ff9ac4d0000 - 0x00007ff9ac4e2000 	C:\Windows\System32\MSASN1.dll
0x00007ff9abf70000 - 0x00007ff9abf96000 	C:\Windows\SYSTEM32\ncrypt.dll
0x00007ff9abf30000 - 0x00007ff9abf6b000 	C:\Windows\SYSTEM32\NTASN1.dll
0x00007ff9981c0000 - 0x00007ff9981ca000 	C:\Windows\System32\rasadhlp.dll
0x00007ff9a55d0000 - 0x00007ff9a5647000 	C:\Windows\System32\fwpuclnt.dll

dbghelp: loaded successfully - version: 4.0.5 - missing functions: none
symbol engine: initialized successfully - sym options: 0x614 - pdb path: .;C:\Program Files\Java\jdk-13.0.1\bin;C:\Windows\SYSTEM32;C:\Windows\WinSxS\amd64_microsoft.windows.common-controls_6595b64144ccf1df_6.0.18362.356_none_e6c4af7d130f27cc;C:\Program Files\Java\jdk-13.0.1\bin\server;C:\Users\User\.gradle\native\e1d6ef7f7dcc3fd88c89a11ec53ec762bb8ba0a96d01ffa2cd45eb1d1d8dd5c5\windows-amd64;C:\Users\User\.gradle\native\0d407fdbe67a94daf76414ababcb853783967236a71b16ec16e742cd7a986fd3\windows-amd64

VM Arguments:
jvm_args: --add-opens=java.base/java.util=ALL-UNNAMED --add-opens=java.base/java.lang=ALL-UNNAMED --add-opens=java.base/java.lang.invoke=ALL-UNNAMED --add-opens=java.base/java.util=ALL-UNNAMED --add-opens=java.prefs/java.util.prefs=ALL-UNNAMED --add-opens=java.prefs/java.util.prefs=ALL-UNNAMED --add-opens=java.base/java.nio.charset=ALL-UNNAMED --add-opens=java.base/java.net=ALL-UNNAMED --add-opens=java.base/java.util.concurrent.atomic=ALL-UNNAMED -Xmx3G -Dfile.encoding=windows-1251 -Duser.country=RU -Duser.language=ru -Duser.variant 
java_command: org.gradle.launcher.daemon.bootstrap.GradleDaemon 7.5.1
java_class_path (initial): C:\Users\User\.gradle\wrapper\dists\gradle-7.5.1-bin\7jzzequgds1hbszbhq3npc5ng\gradle-7.5.1\lib\gradle-launcher-7.5.1.jar
Launcher Type: SUN_STANDARD

[Global flags]
     intx CICompilerCount                          = 3                                         {product} {ergonomic}
     uint ConcGCThreads                            = 1                                         {product} {ergonomic}
     uint G1ConcRefinementThreads                  = 4                                         {product} {ergonomic}
   size_t G1HeapRegionSize                         = 1048576                                   {product} {ergonomic}
    uintx GCDrainStackTargetSize                   = 64                                        {product} {ergonomic}
   size_t InitialHeapSize                          = 134217728                                 {product} {ergonomic}
   size_t MarkStackSize                            = 4194304                                   {product} {ergonomic}
   size_t MaxHeapSize                              = 3221225472                                {product} {command line}
   size_t MaxNewSize                               = 1932525568                                {product} {ergonomic}
   size_t MinHeapDeltaBytes                        = 1048576                                   {product} {ergonomic}
   size_t MinHeapSize                              = 8388608                                   {product} {ergonomic}
    uintx NonNMethodCodeHeapSize                   = 5830732                                {pd product} {ergonomic}
    uintx NonProfiledCodeHeapSize                  = 122913754                              {pd product} {ergonomic}
    uintx ProfiledCodeHeapSize                     = 122913754                              {pd product} {ergonomic}
    uintx ReservedCodeCacheSize                    = 251658240                              {pd product} {ergonomic}
     bool SegmentedCodeCache                       = true                                      {product} {ergonomic}
   size_t SoftMaxHeapSize                          = 3221225472                             {manageable} {ergonomic}
     bool UseCompressedClassPointers               = true                                 {lp64_product} {ergonomic}
     bool UseCompressedOops                        = true                                 {lp64_product} {ergonomic}
     bool UseG1GC                                  = true                                      {product} {ergonomic}
     bool UseLargePagesIndividualAllocation        = false                                  {pd product} {ergonomic}

Logging:
Log output configuration:
 #0: stdout all=warning uptime,level,tags
 #1: stderr all=off uptime,level,tags

Environment Variables:
PATH=D:\jdk8\bin;C:\Program Files\Common Files\Oracle\Java\javapath;C:\Program Files (x86)\Common Files\Oracle\Java\javapath;C:\ProgramData\Oracle\Java\javapath;C:\Windows\system32;C:\Windows;C:\Windows\System32\Wbem;C:\Windows\System32\WindowsPowerShell\v1.0\;C:\Windows\System32\OpenSSH\;C:\Program Files\NVIDIA Corporation\NVIDIA NvDLISR;D:\MAtlab\dsfdsfd\bin;D:\Matlab\bin;C:\Program Files\OpenVPN\bin;C:\Program Files\Cloudflare\Cloudflare WARP\;D:\JDK\bin;C:\Program Files\Microsoft SQL Server\130\Tools\Binn\;C:\Program Files (x86)\NVIDIA Corporation\PhysX\Common;D:\Git\cmd;C:\Program Files\dotnet\;C:\Users\User\AppData\Local\Programs\Python\Python310\Scripts\;C:\Users\User\AppData\Local\Programs\Python\Python310\;C:\Users\User\AppData\Local\Microsoft\WindowsApps;;D:\IntelliJ IDEA Community Edition 2022.3.1\bin;;D:\IntelliJ IDEA 2023.1.3\bin;
USERNAME=User
OS=Windows_NT
PROCESSOR_IDENTIFIER=Intel64 Family 6 Model 94 Stepping 3, GenuineIntel



---------------  S Y S T E M  ---------------

OS: Windows 10 , 64 bit Build 18362 (10.0.18362.329)

CPU:total 4 (initial active 4) (4 cores per cpu, 1 threads per core) family 6 model 94 stepping 3, cmov, cx8, fxsr, mmx, sse, sse2, sse3, ssse3, sse4.1, sse4.2, popcnt, avx, avx2, aes, clmul, erms, 3dnowpref, lzcnt, tsc, tscinvbit, bmi1, bmi2, adx, fma

Memory: 4k page, system-wide physical 8156M (1159M free)
TotalPageFile size 10323M (AvailPageFile size 6M)
current process WorkingSet (physical memory assigned to process): 350M, peak: 350M
current process commit charge ("private bytes"): 385M, peak: 386M

vm_info: Java HotSpot(TM) 64-Bit Server VM (13.0.1+9) for windows-amd64 JRE (13.0.1+9), built on Oct  6 2019 12:37:49 by "mach5one" with unknown MS VC++:1916

END.
