JvmtiExport can_access_local_variables 0
JvmtiExport can_hotswap_or_post_breakpoint 0
JvmtiExport can_post_on_exceptions 0
# 280 ciObject found
ciInstanceKlass java/util/Iterator 1 1 53 100 1 8 1 10 12 1 1 10 7 12 1 1 1 11 7 12 1 1 1 11 12 1 1 11 7 12 1 1 1 100 1 1 1 1 1 1 1 1 1 1 1 1 1 1 1 1 1 1 1 1 1
instanceKlass org/gradle/process/internal/util/LongCommandLineDetectionUtil$$Lambda$1323
instanceKlass org/gradle/process/internal/util/LongCommandLineDetectionUtil$$Lambda$1322
instanceKlass org/gradle/process/internal/util/LongCommandLineDetectionUtil
instanceKlass org/gradle/execution/plan/LocalTaskNodeExecutor$$Lambda$1321
instanceKlass net/minecraftforge/gradle/common/util/Utils$$Lambda$1320
instanceKlass net/minecraftforge/gradle/common/util/Utils$$Lambda$1319
instanceKlass net/minecraftforge/gradle/common/util/Utils$$Lambda$1318
instanceKlass org/gradle/internal/execution/steps/ResolveChangesStep$$Lambda$1317
instanceKlass org/gradle/internal/snapshot/DirectorySnapshot$$Lambda$1316
instanceKlass org/gradle/internal/snapshot/DirectorySnapshot$$Lambda$1315
instanceKlass org/gradle/internal/execution/history/impl/DefaultExecutionHistoryStore$$Lambda$1314
instanceKlass java/lang/invoke/LambdaForm$DMH
instanceKlass org/gradle/internal/fingerprint/CurrentFileCollectionFingerprint$ArchivedFileCollectionFingerprintFactory
instanceKlass org/gradle/execution/plan/DefaultPlanExecutor$$Lambda$1313
instanceKlass java/util/Comparator$$Lambda$1312
instanceKlass org/gradle/workers/internal/WorkerDaemonClientsManager$$Lambda$1311
instanceKlass org/gradle/workers/internal/WorkerDaemonClient
instanceKlass org/gradle/workers/internal/WorkerDaemonExpiration$SimpleMemoryExpirationSelector
instanceKlass sun/net/www/http/KeepAliveStreamCleaner$2
instanceKlass sun/net/www/http/KeepAliveStreamCleaner$1
instanceKlass sun/net/www/http/Hurryable
instanceKlass sun/nio/fs/WindowsFileCopy
instanceKlass net/minecraftforge/gradle/common/tasks/DownloadAssets$$Lambda$1310
instanceKlass java/util/concurrent/Executors$DefaultThreadFactory
instanceKlass net/minecraftforge/gradle/common/util/Utils$1
instanceKlass net/minecraftforge/gradle/common/tasks/DownloadAssets$$Lambda$1309
instanceKlass org/gradle/internal/snapshot/AbstractInvalidateChildHandler$$Lambda$1308
instanceKlass org/gradle/internal/snapshot/AbstractInvalidateChildHandler$$Lambda$1307
instanceKlass org/gradle/api/internal/tasks/TaskExecuterResult$1
instanceKlass org/gradle/internal/hash/HashCode$1
instanceKlass org/gradle/api/internal/file/collections/DirectoryTrees
instanceKlass org/gradle/api/internal/file/CompositeFileCollection$$Lambda$1306
instanceKlass org/gradle/internal/execution/history/changes/ClasspathCompareStrategy$ChangeState
instanceKlass org/gradle/internal/execution/history/changes/ClasspathCompareStrategy$TrackingVisitor
instanceKlass org/gradle/internal/execution/history/changes/DefaultIncrementalInputProperties$$Lambda$1305
instanceKlass org/gradle/internal/execution/history/changes/DefaultIncrementalInputProperties$$Lambda$1304
instanceKlass com/google/common/collect/ForwardingObject
instanceKlass org/gradle/internal/execution/history/changes/DefaultIncrementalInputProperties$$Lambda$1303
instanceKlass com/google/common/base/Predicates$CompositionPredicate
instanceKlass org/gradle/internal/execution/history/changes/DefaultIncrementalInputProperties$$Lambda$1302
instanceKlass org/gradle/internal/execution/history/changes/DefaultIncrementalInputProperties
instanceKlass org/gradle/internal/execution/steps/ResolveChangesStep$1
instanceKlass org/gradle/execution/plan/ExecutionNodeAccessHierarchy$FilteredNodeAccess
instanceKlass org/gradle/execution/plan/LocalTaskNodeExecutor$FilteredTree
instanceKlass org/gradle/api/internal/artifacts/ivyservice/ivyresolve/strategy/InverseVersionSelector
instanceKlass org/gradle/internal/execution/steps/SkipEmptyWorkStep$3
instanceKlass org/gradle/internal/execution/steps/SkipEmptyWorkStep$$Lambda$1301
instanceKlass org/gradle/internal/snapshot/DirectorySnapshot$2
instanceKlass org/gradle/api/tasks/util/internal/CachingPatternSpecFactory$CachingSpec$1
instanceKlass org/gradle/api/file/RelativePath
instanceKlass org/gradle/internal/fingerprint/impl/PatternSetSnapshottingFilter$PathBackedFileTreeElement
instanceKlass org/gradle/internal/fingerprint/impl/PatternSetSnapshottingFilter$$Lambda$1300
instanceKlass java/lang/invoke/LambdaForm$DMH
instanceKlass org/gradle/internal/snapshot/SnapshottingFilter$DirectoryWalkerPredicate
instanceKlass org/gradle/internal/vfs/impl/DefaultFileSystemAccess$$Lambda$1299
instanceKlass org/gradle/internal/vfs/impl/DefaultFileSystemAccess$$Lambda$1298
instanceKlass org/gradle/internal/fingerprint/impl/DefaultFileCollectionSnapshotter$SnapshottingVisitor$$Lambda$1297
instanceKlass org/gradle/internal/fingerprint/impl/PatternSetSnapshottingFilter
instanceKlass org/gradle/api/internal/file/FileCollectionBackedFileTree$2
instanceKlass org/gradle/api/internal/file/FileCollectionBackedFileTree$1
instanceKlass org/gradle/api/internal/file/FilteredFileTree$$Lambda$1296
instanceKlass java/util/stream/ReduceOps$5ReducingSink
instanceKlass java/util/stream/IntPipeline$$Lambda$1295
instanceKlass java/util/function/IntBinaryOperator
instanceKlass org/gradle/internal/execution/history/impl/FileSystemSnapshotSerializer$$Lambda$1294
instanceKlass org/gradle/internal/fingerprint/FileCollectionFingerprint$1
instanceKlass org/gradle/internal/execution/steps/SkipUpToDateStep$1$1
instanceKlass org/gradle/internal/execution/steps/SkipUpToDateStep$1
instanceKlass org/gradle/internal/execution/steps/ResolveChangesStep$$Lambda$1293
instanceKlass org/gradle/internal/execution/history/changes/ExecutionStateChanges$1
instanceKlass org/gradle/internal/execution/history/changes/CachingChangeContainer$CachingVisitor
instanceKlass org/gradle/internal/execution/history/changes/DefaultExecutionStateChangeDetector$InputFileChangesWrapper
instanceKlass org/gradle/internal/execution/history/changes/CachingChangeContainer
instanceKlass org/gradle/internal/execution/history/changes/InputFileChanges$1
instanceKlass org/gradle/internal/execution/history/changes/AbstractFingerprintChanges$1
instanceKlass org/gradle/internal/execution/history/changes/SortedMapDiffUtil
instanceKlass org/gradle/internal/execution/history/changes/OutputFileChanges$3
instanceKlass org/gradle/internal/execution/history/changes/SummarizingChangeContainer$ChangeDetectingVisitor
instanceKlass org/gradle/internal/execution/history/changes/DefaultExecutionStateChangeDetector$MessageCollectingChangeVisitor
instanceKlass org/gradle/internal/execution/history/changes/ErrorHandlingChangeContainer
instanceKlass org/gradle/internal/execution/history/changes/SummarizingChangeContainer
instanceKlass org/gradle/internal/execution/history/changes/OutputFileChanges$$Lambda$1292
instanceKlass org/gradle/internal/execution/history/changes/OutputFileChanges$$Lambda$1291
instanceKlass org/gradle/internal/execution/history/changes/OutputFileChanges$$Lambda$1290
instanceKlass org/gradle/internal/execution/history/changes/OutputFileChanges$2
instanceKlass org/gradle/internal/execution/history/changes/OutputFileChanges$1
instanceKlass org/gradle/internal/execution/history/changes/OutputFileChanges
instanceKlass org/gradle/internal/execution/history/changes/ClasspathCompareStrategy$$Lambda$1289
instanceKlass java/util/Map$Entry$$Lambda$1288
instanceKlass org/gradle/internal/execution/history/changes/IgnoredPathCompareStrategy$$Lambda$1287
instanceKlass org/gradle/internal/execution/history/changes/NormalizedPathFingerprintCompareStrategy$$Lambda$1286
instanceKlass java/lang/invoke/LambdaForm$DMH
instanceKlass org/gradle/internal/execution/history/changes/TrivialChangeDetector
instanceKlass org/gradle/internal/execution/history/changes/AbstractFingerprintCompareStrategy$$Lambda$1285
instanceKlass org/gradle/internal/execution/history/changes/AbstractFingerprintCompareStrategy$$Lambda$1284
instanceKlass org/gradle/internal/execution/history/changes/AbsolutePathFingerprintCompareStrategy$$Lambda$1283
instanceKlass org/gradle/internal/execution/history/changes/AbsolutePathChangeDetector$ItemComparator
instanceKlass org/gradle/internal/execution/history/changes/AbsolutePathChangeDetector
instanceKlass org/gradle/internal/execution/history/changes/AbstractFingerprintCompareStrategy$2
instanceKlass org/gradle/internal/execution/history/changes/AbstractFingerprintCompareStrategy$1
instanceKlass org/gradle/internal/execution/history/changes/TrivialChangeDetector$ItemComparator
instanceKlass org/gradle/internal/execution/history/changes/CompareStrategy$ChangeFactory
instanceKlass org/gradle/internal/execution/history/changes/CompareStrategy$ChangeDetector
instanceKlass org/gradle/internal/execution/history/changes/CompareStrategy
instanceKlass org/gradle/internal/execution/history/changes/FingerprintCompareStrategy
instanceKlass org/gradle/internal/execution/history/changes/PropertyDiffListener
instanceKlass org/gradle/internal/execution/history/changes/AbstractFingerprintChanges
instanceKlass org/gradle/internal/execution/history/changes/InputValueChanges
instanceKlass org/gradle/internal/execution/history/changes/PropertyChanges
instanceKlass org/gradle/internal/execution/history/changes/ImplementationChanges
instanceKlass org/gradle/internal/execution/history/changes/DescriptiveChange
instanceKlass org/gradle/internal/execution/history/changes/Change
instanceKlass org/gradle/internal/execution/history/changes/PreviousSuccessChanges
instanceKlass org/gradle/internal/execution/steps/ResolveChangesStep$$Lambda$1282
instanceKlass org/gradle/internal/execution/steps/ResolveChangesStep$$Lambda$1281
instanceKlass org/gradle/internal/execution/steps/ValidationFinishedContext$ValidationResult
instanceKlass org/gradle/internal/execution/steps/ResolveChangesStep$$Lambda$1280
instanceKlass org/gradle/execution/plan/LocalTaskNodeExecutor$$Lambda$1279
instanceKlass org/gradle/execution/plan/LocalTaskNodeExecutor$$Lambda$1278
instanceKlass org/gradle/execution/plan/LocalTaskNodeExecutor$$Lambda$1277
instanceKlass org/gradle/execution/plan/ValuedVfsHierarchy$$Lambda$1276
instanceKlass org/gradle/execution/plan/ValuedVfsHierarchy$$Lambda$1275
instanceKlass java/lang/invoke/LambdaForm$DMH
instanceKlass org/gradle/execution/plan/ValuedVfsHierarchy$$Lambda$1274
instanceKlass org/gradle/execution/plan/LocalTaskNodeExecutor$1$$Lambda$1273
instanceKlass org/gradle/execution/plan/LocalTaskNodeExecutor$1
instanceKlass org/gradle/internal/snapshot/AbstractIncompleteFileSystemNode$$Lambda$1272
instanceKlass org/gradle/api/internal/tasks/execution/TaskExecution$$Lambda$1271
instanceKlass org/gradle/internal/execution/fingerprint/InputFingerprinter$FileValueSupplier
instanceKlass org/gradle/internal/execution/history/impl/SerializableFileCollectionFingerprint
instanceKlass org/gradle/internal/fingerprint/impl/DefaultFileSystemLocationFingerprint$1
instanceKlass org/gradle/internal/fingerprint/impl/DefaultFileSystemLocationFingerprint
instanceKlass org/gradle/internal/execution/history/impl/FingerprintMapSerializer$1
instanceKlass org/gradle/internal/reflect/validation/TypeValidationProblem$$Lambda$1270
instanceKlass org/gradle/internal/reflect/validation/TypeValidationProblemLocation
instanceKlass org/gradle/internal/reflect/validation/Location
instanceKlass org/gradle/internal/reflect/validation/UserManualReference
instanceKlass org/gradle/internal/reflect/validation/DefaultSolutionBuilder$$Lambda$1269
instanceKlass org/gradle/internal/reflect/validation/DefaultSolutionBuilder$$Lambda$1268
instanceKlass org/gradle/internal/reflect/validation/DefaultSolutionBuilder$$Lambda$1267
instanceKlass org/gradle/problems/Solution
instanceKlass org/gradle/internal/reflect/validation/DefaultSolutionBuilder
instanceKlass org/gradle/internal/reflect/validation/SolutionBuilder
instanceKlass org/gradle/internal/reflect/validation/WithDocumentationBuilder
instanceKlass org/gradle/internal/reflect/validation/ValidationProblemBuilder$$Lambda$1266
instanceKlass org/gradle/internal/reflect/validation/ValidationProblemBuilder$$Lambda$1265
instanceKlass org/gradle/api/internal/tasks/properties/annotations/AbstractInputFilePropertyAnnotationHandler$$Lambda$1264
instanceKlass java/io/ObjectStreamClass$ExceptionInfo
instanceKlass org/gradle/internal/reflect/validation/AbstractValidationProblemBuilder$$Lambda$1263
instanceKlass com/google/common/collect/ImmutableList$SerializedForm
instanceKlass org/gradle/internal/reflect/validation/AbstractValidationProblemBuilder$$Lambda$1262
instanceKlass org/gradle/execution/plan/TaskNodeFactory$DefaultTypeOriginInspectorFactory$ProjectScopedTypeOriginInspector$$Lambda$1261
instanceKlass org/gradle/execution/plan/TaskNodeFactory$DefaultTypeOriginInspectorFactory$ProjectScopedTypeOriginInspector$$Lambda$1260
instanceKlass org/gradle/execution/plan/TaskNodeFactory$DefaultTypeOriginInspectorFactory$ProjectScopedTypeOriginInspector$$Lambda$1259
instanceKlass org/gradle/execution/plan/TaskNodeFactory$DefaultTypeOriginInspectorFactory$ProjectScopedTypeOriginInspector$$Lambda$1258
instanceKlass org/gradle/execution/plan/TaskNodeFactory$DefaultTypeOriginInspectorFactory$$Lambda$1257
instanceKlass org/gradle/execution/plan/TaskNodeFactory$DefaultTypeOriginInspectorFactory$ProjectScopedTypeOriginInspector$$Lambda$1256
instanceKlass org/gradle/internal/reflect/validation/AbstractValidationProblemBuilder
instanceKlass org/gradle/internal/reflect/validation/PropertyProblemBuilderInternal
instanceKlass org/gradle/api/internal/tasks/execution/statistics/TaskExecutionStatisticsEventAdapter$1
instanceKlass org/gradle/api/internal/tasks/execution/ExecuteActionsTaskExecuter$1$$Lambda$1255
instanceKlass org/gradle/api/internal/tasks/execution/ExecuteActionsTaskExecuter$1$$Lambda$1254
instanceKlass org/gradle/internal/execution/steps/SkipUpToDateStep$2$$Lambda$1253
instanceKlass org/gradle/internal/execution/steps/SkipUpToDateStep$2$$Lambda$1252
instanceKlass org/gradle/api/internal/tasks/execution/ExecuteTaskBuildOperationResult
instanceKlass org/gradle/api/internal/tasks/execution/ExecuteTaskBuildOperationType$Result
instanceKlass org/gradle/api/internal/tasks/execution/ExecuteActionsTaskExecuter$1
instanceKlass org/gradle/api/internal/tasks/TaskExecutionOutcome$1
instanceKlass org/gradle/api/internal/tasks/execution/ExecuteActionsTaskExecuter$$Lambda$1251
instanceKlass org/gradle/api/internal/tasks/execution/ExecuteActionsTaskExecuter$$Lambda$1250
instanceKlass org/gradle/api/internal/tasks/execution/TaskExecution$$Lambda$1249
instanceKlass org/gradle/internal/execution/history/impl/FileSystemSnapshotSerializer$1$1
instanceKlass org/gradle/internal/execution/steps/RemoveUntrackedExecutionStateStep$$Lambda$1248
instanceKlass org/gradle/internal/snapshot/RootTrackingFileSystemSnapshotHierarchyVisitor
instanceKlass org/gradle/internal/execution/steps/ResolveCachingStateStep$2
instanceKlass org/gradle/internal/execution/steps/SkipUpToDateStep$2
instanceKlass org/gradle/internal/snapshot/impl/GradleSerializedValueSnapshot
instanceKlass org/gradle/internal/execution/history/impl/DefaultOutputFilesRepository$1
instanceKlass org/gradle/internal/execution/history/impl/DefaultOutputFilesRepository$$Lambda$1247
instanceKlass org/gradle/internal/execution/steps/RecordOutputsStep$$Lambda$1246
instanceKlass com/google/common/collect/Maps$13
instanceKlass com/google/common/collect/Maps$9
instanceKlass org/gradle/internal/execution/history/impl/DefaultExecutionHistoryStore$$Lambda$1245
instanceKlass org/gradle/internal/execution/steps/StoreExecutionStateStep$$Lambda$1244
instanceKlass org/gradle/internal/execution/steps/StoreExecutionStateStep$$Lambda$1243
instanceKlass org/gradle/internal/execution/steps/CaptureStateAfterExecutionStep$1
instanceKlass org/gradle/internal/execution/steps/CaptureStateAfterExecutionStep$Operation$Result$1
instanceKlass org/gradle/internal/execution/steps/CaptureStateAfterExecutionStep$Operation$Result
instanceKlass org/gradle/internal/execution/history/impl/DefaultAfterExecutionState
instanceKlass org/gradle/internal/execution/steps/CaptureStateAfterExecutionStep$Operation$Details$1
instanceKlass org/gradle/internal/execution/steps/CaptureStateAfterExecutionStep$Operation$Details
instanceKlass org/gradle/internal/execution/steps/CaptureStateAfterExecutionStep$$Lambda$1242
instanceKlass org/gradle/internal/execution/steps/CaptureStateAfterExecutionStep$$Lambda$1241
instanceKlass org/gradle/internal/execution/steps/ExecuteStep$Operation$Result$1
instanceKlass org/gradle/internal/execution/steps/ExecuteStep$Operation$Result
instanceKlass org/gradle/internal/execution/steps/ExecuteStep$ResultImpl
instanceKlass org/gradle/internal/execution/steps/ExecuteStep$ExecutionResultImpl
instanceKlass org/gradle/internal/execution/steps/ExecuteStep$$Lambda$1240
instanceKlass org/gradle/internal/execution/steps/ExecuteStep$3
instanceKlass org/gradle/api/internal/tasks/execution/TaskExecution$2
instanceKlass org/gradle/api/internal/tasks/execution/ExecuteTaskActionBuildOperationType$2
instanceKlass org/gradle/api/internal/tasks/execution/ExecuteTaskActionBuildOperationType$1
instanceKlass org/gradle/api/internal/tasks/execution/ExecuteTaskActionBuildOperationType$Result
instanceKlass org/gradle/api/internal/tasks/execution/ExecuteTaskActionBuildOperationType$Details
instanceKlass org/gradle/api/internal/tasks/execution/ExecuteTaskActionBuildOperationType
instanceKlass org/gradle/api/internal/tasks/execution/TaskExecution$3
instanceKlass org/gradle/api/internal/tasks/execution/TaskExecution$$Lambda$1239
instanceKlass org/gradle/api/internal/tasks/execution/TaskExecution$$Lambda$1238
instanceKlass org/gradle/internal/execution/steps/ExecuteStep$2$$Lambda$1237
instanceKlass org/gradle/internal/execution/steps/ExecuteStep$2
instanceKlass org/gradle/internal/execution/steps/ExecuteStep$Operation$Details$1
instanceKlass org/gradle/internal/execution/steps/ExecuteStep$Operation$Details
instanceKlass org/gradle/internal/execution/steps/ExecuteStep$1
instanceKlass org/gradle/internal/execution/steps/ResolveInputChangesStep$1$$Lambda$1236
instanceKlass org/gradle/internal/execution/steps/CancelExecutionStep$$Lambda$1235
instanceKlass org/gradle/internal/execution/steps/CreateOutputsStep$2
instanceKlass org/gradle/internal/execution/steps/CreateOutputsStep$1
instanceKlass org/gradle/internal/execution/steps/CaptureStateAfterExecutionStep$3
instanceKlass org/gradle/internal/vfs/impl/VersionHierarchy$2
instanceKlass org/gradle/internal/watch/registry/impl/SnapshotCollectingDiffListener$$Lambda$1234
instanceKlass org/gradle/internal/vfs/impl/AbstractVirtualFileSystem$$Lambda$1233
instanceKlass org/gradle/internal/vfs/impl/AbstractVirtualFileSystem$$Lambda$1232
instanceKlass org/gradle/internal/watch/vfs/impl/LocationsWrittenByCurrentBuild$$Lambda$1231
instanceKlass org/gradle/internal/service/scopes/VirtualFileSystemServices$BuildSessionServices$$Lambda$1230
instanceKlass org/gradle/internal/execution/steps/CaptureStateAfterExecutionStep$2
instanceKlass org/gradle/internal/execution/steps/ResolveInputChangesStep$1
instanceKlass org/gradle/internal/execution/steps/BuildCacheStep$$Lambda$1229
instanceKlass org/gradle/internal/execution/steps/BuildCacheStep$$Lambda$1228
instanceKlass org/gradle/internal/execution/steps/SkipUpToDateStep$$Lambda$1227
instanceKlass org/gradle/internal/execution/steps/SkipUpToDateStep$$Lambda$1226
instanceKlass org/gradle/internal/execution/steps/SkipUpToDateStep$$Lambda$1225
instanceKlass org/gradle/internal/execution/steps/ResolveChangesStep$$Lambda$1224
instanceKlass org/gradle/internal/execution/steps/ResolveChangesStep$2
instanceKlass org/gradle/internal/execution/steps/ResolveChangesStep$$Lambda$1223
instanceKlass org/gradle/internal/execution/steps/ResolveChangesStep$$Lambda$1222
instanceKlass org/gradle/internal/execution/history/changes/InputChangesInternal
instanceKlass org/gradle/internal/execution/history/changes/ExecutionStateChanges$2
instanceKlass org/gradle/internal/execution/steps/ResolveChangesStep$$Lambda$1221
instanceKlass org/gradle/internal/execution/steps/ResolveChangesStep$$Lambda$1220
instanceKlass org/gradle/internal/execution/history/changes/IncrementalInputProperties$2
instanceKlass org/gradle/internal/execution/history/changes/IncrementalInputProperties$1
instanceKlass org/gradle/internal/execution/steps/ResolveChangesStep$3
instanceKlass org/gradle/internal/execution/steps/ResolveChangesStep$$Lambda$1219
instanceKlass org/gradle/internal/execution/history/changes/ExecutionStateChanges
instanceKlass org/gradle/api/internal/tasks/execution/TaskExecution$$Lambda$1218
instanceKlass org/gradle/internal/execution/steps/ResolveCachingStateStep$1
instanceKlass org/gradle/internal/execution/steps/ResolveCachingStateStep$$Lambda$1217
instanceKlass org/gradle/internal/execution/steps/ResolveCachingStateStep$$Lambda$1216
instanceKlass org/gradle/internal/execution/caching/CachingState$Enabled
instanceKlass org/gradle/internal/execution/steps/ValidateStep$1
instanceKlass java/util/stream/Collectors$$Lambda$1215
instanceKlass java/util/stream/Collectors$$Lambda$1214
instanceKlass java/util/stream/Collectors$$Lambda$1213
instanceKlass org/gradle/internal/execution/steps/ValidateStep$$Lambda$1212
instanceKlass org/gradle/internal/execution/steps/ValidateStep$$Lambda$1211
instanceKlass org/gradle/internal/execution/steps/ValidateStep$$Lambda$1210
instanceKlass org/gradle/internal/execution/steps/ValidateStep$$Lambda$1209
instanceKlass org/gradle/internal/execution/steps/ValidateStep$2
instanceKlass org/gradle/internal/execution/steps/ValidateStep$$Lambda$1208
instanceKlass org/gradle/execution/plan/LocalTaskNodeExecutor$$Lambda$1207
instanceKlass org/gradle/api/internal/tasks/properties/InputFilePropertySpec
instanceKlass org/gradle/execution/plan/LocalTaskNodeExecutor$$Lambda$1206
instanceKlass org/gradle/execution/plan/LocalTaskNodeExecutor$$Lambda$1205
instanceKlass org/gradle/execution/plan/LocalTaskNodeExecutor$$Lambda$1204
instanceKlass org/gradle/execution/plan/ValuedVfsHierarchy$1
instanceKlass org/gradle/execution/plan/ValuedVfsHierarchy$$Lambda$1203
instanceKlass org/gradle/api/internal/tasks/DefaultTaskValidationContext
instanceKlass org/gradle/internal/execution/steps/CaptureStateBeforeExecutionStep$1
instanceKlass org/gradle/internal/execution/steps/CaptureStateBeforeExecutionStep$Operation$Result$1
instanceKlass org/gradle/internal/execution/steps/CaptureStateBeforeExecutionStep$Operation$Result
instanceKlass org/gradle/api/internal/tasks/properties/InputParameterUtils
instanceKlass org/gradle/internal/execution/steps/CaptureStateBeforeExecutionStep$$Lambda$1202
instanceKlass org/gradle/internal/execution/steps/CaptureStateBeforeExecutionStep$2
instanceKlass org/gradle/internal/execution/steps/CaptureStateBeforeExecutionStep$$Lambda$1201
instanceKlass org/gradle/internal/execution/steps/CaptureStateBeforeExecutionStep$$Lambda$1200
instanceKlass org/gradle/internal/execution/steps/CaptureStateBeforeExecutionStep$$Lambda$1199
instanceKlass org/gradle/internal/execution/steps/CaptureStateBeforeExecutionStep$ImplementationsBuilder
instanceKlass org/gradle/internal/vfs/impl/DefaultSnapshotHierarchy$$Lambda$1198
instanceKlass org/gradle/internal/vfs/impl/DefaultSnapshotHierarchy$$Lambda$1197
instanceKlass org/gradle/internal/snapshot/AbstractInvalidateChildHandler
instanceKlass org/gradle/internal/snapshot/AbstractIncompleteFileSystemNode$1
instanceKlass org/gradle/internal/watch/vfs/impl/WatchingVirtualFileSystem$VfsChangeLoggingNodeDiffListener
instanceKlass org/gradle/internal/watch/vfs/impl/WatchingVirtualFileSystem$InvalidateVfsChangeHandler$$Lambda$1196
instanceKlass org/gradle/internal/watch/vfs/impl/WatchingVirtualFileSystem$InvalidateVfsChangeHandler$$Lambda$1195
instanceKlass org/gradle/internal/watch/vfs/impl/WatchingVirtualFileSystem$CompositeChangeHandler$$Lambda$1194
instanceKlass org/gradle/internal/watch/registry/impl/DefaultFileWatcherRegistry$3
instanceKlass org/gradle/internal/watch/registry/impl/DefaultFileWatcherRegistry$1
instanceKlass net/rubygrapefruit/platform/internal/jni/AbstractFileEventFunctions$ChangeEvent
instanceKlass org/gradle/internal/watch/registry/impl/DefaultFileWatcherProbeRegistry$1
instanceKlass org/gradle/internal/watch/registry/impl/AbstractFileWatcherUpdater$$Lambda$1193
instanceKlass org/gradle/internal/watch/registry/impl/AbstractFileWatcherUpdater$$Lambda$1192
instanceKlass org/gradle/internal/watch/registry/impl/AbstractFileWatcherUpdater$$Lambda$1191
instanceKlass org/gradle/internal/watch/registry/impl/AbstractFileWatcherUpdater$$Lambda$1190
instanceKlass org/gradle/internal/watch/registry/impl/HierarchicalFileWatcherUpdater$$Lambda$1189
instanceKlass org/gradle/internal/watch/registry/impl/HierarchicalFileWatcherUpdater$$Lambda$1188
instanceKlass org/gradle/internal/watch/registry/impl/HierarchicalFileWatcherUpdater$$Lambda$1187
instanceKlass org/gradle/internal/file/FileHierarchySet$PrefixFileSet$2
instanceKlass org/gradle/internal/watch/registry/impl/HierarchicalFileWatcherUpdater$$Lambda$1186
instanceKlass org/gradle/internal/vfs/impl/DefaultSnapshotHierarchy$$Lambda$1185
instanceKlass org/gradle/internal/vfs/impl/DefaultSnapshotHierarchy$$Lambda$1184
instanceKlass org/gradle/internal/execution/impl/DefaultOutputSnapshotter$1
instanceKlass org/gradle/internal/execution/steps/BuildOperationStep$1
instanceKlass org/gradle/internal/execution/steps/CaptureStateBeforeExecutionStep$Operation$Details$1
instanceKlass org/gradle/internal/execution/steps/CaptureStateBeforeExecutionStep$Operation$Details
instanceKlass org/gradle/internal/execution/steps/CaptureStateBeforeExecutionStep$$Lambda$1183
instanceKlass org/gradle/internal/execution/steps/CaptureStateBeforeExecutionStep$$Lambda$1182
instanceKlass org/gradle/api/internal/tasks/execution/TaskExecution$$Lambda$1181
instanceKlass org/gradle/internal/execution/fingerprint/InputFingerprinter$ValueSupplier
instanceKlass org/gradle/internal/execution/steps/SkipEmptyWorkStep$1
instanceKlass org/gradle/internal/execution/steps/SkipEmptyWorkStep$$Lambda$1180
instanceKlass org/gradle/internal/execution/steps/SkipEmptyWorkStep$$Lambda$1179
instanceKlass org/gradle/internal/execution/steps/SkipEmptyWorkStep$$Lambda$1178
instanceKlass org/gradle/internal/execution/steps/LoadPreviousExecutionStateStep$1
instanceKlass org/gradle/internal/execution/history/impl/AbstractInputExecutionState
instanceKlass org/gradle/internal/execution/history/impl/FileSystemSnapshotSerializer$2
instanceKlass org/gradle/internal/execution/history/impl/FileSystemSnapshotSerializer$SnapshotStack
instanceKlass com/google/common/collect/ImmutableSortedMap$1
instanceKlass org/gradle/internal/snapshot/impl/ImplementationSnapshot
instanceKlass org/gradle/caching/internal/origin/OriginMetadata
instanceKlass org/gradle/cache/internal/btree/FreeListBlockStore$FreeListEntry
instanceKlass org/gradle/internal/execution/steps/LoadPreviousExecutionStateStep$$Lambda$1177
instanceKlass org/gradle/internal/execution/steps/AssignWorkspaceStep$1
instanceKlass org/gradle/internal/execution/steps/AssignWorkspaceStep$$Lambda$1176
instanceKlass org/gradle/internal/execution/workspace/WorkspaceProvider$WorkspaceAction
instanceKlass org/gradle/api/internal/tasks/execution/TaskExecution$4
instanceKlass org/gradle/internal/execution/steps/IdentifyStep$1
instanceKlass org/gradle/api/internal/tasks/execution/TaskExecution$$Lambda$1175
instanceKlass org/gradle/internal/execution/UnitOfWork$Identity
instanceKlass org/gradle/internal/execution/fingerprint/impl/DefaultInputFingerprinter$InputFingerprints
instanceKlass org/gradle/internal/execution/fingerprint/InputFingerprinter$Result
instanceKlass org/gradle/internal/execution/fingerprint/impl/DefaultInputFingerprinter$InputCollectingVisitor
instanceKlass org/gradle/internal/execution/steps/IdentifyStep$$Lambda$1174
instanceKlass org/gradle/internal/execution/impl/DefaultExecutionEngine$1$1
instanceKlass org/gradle/api/internal/tasks/execution/ExecuteActionsTaskExecuter$$Lambda$1173
instanceKlass org/gradle/internal/execution/ExecutionEngine$CachedRequest
instanceKlass org/gradle/internal/execution/impl/DefaultExecutionEngine$1
instanceKlass org/gradle/api/internal/tasks/execution/TaskExecution$1
instanceKlass org/gradle/internal/execution/UnitOfWork$WorkOutput
instanceKlass org/gradle/api/internal/tasks/TaskValidationContext
instanceKlass org/gradle/api/internal/tasks/SnapshotTaskInputsBuildOperationType$Details
instanceKlass org/gradle/api/internal/tasks/execution/TaskExecution
instanceKlass org/gradle/internal/build/event/types/DefaultTaskDescriptor
instanceKlass org/gradle/tooling/internal/protocol/events/InternalTaskWithExtraInfoDescriptor
instanceKlass org/gradle/tooling/internal/protocol/events/InternalTaskDescriptor
instanceKlass org/gradle/tooling/internal/provider/runner/OperationDependenciesResolver$$Lambda$1172
instanceKlass org/gradle/tooling/internal/provider/runner/OperationDependenciesResolver$$Lambda$1171
instanceKlass java/util/stream/Collectors$$Lambda$1170
instanceKlass java/util/stream/Collectors$$Lambda$1169
instanceKlass org/gradle/tooling/internal/provider/runner/OperationDependenciesResolver$$Lambda$1168
instanceKlass org/gradle/tooling/internal/provider/runner/OperationDependenciesResolver$$Lambda$1167
instanceKlass org/gradle/tooling/internal/provider/runner/OperationDependenciesResolver$$Lambda$1166
instanceKlass org/gradle/api/internal/tasks/execution/EventFiringTaskExecuter$1
instanceKlass org/gradle/api/internal/tasks/execution/EventFiringTaskExecuter
instanceKlass org/gradle/api/internal/tasks/execution/CatchExceptionTaskExecuter
instanceKlass org/gradle/api/internal/tasks/execution/SkipOnlyIfTaskExecuter
instanceKlass org/gradle/api/internal/tasks/execution/SkipTaskWithNoActionsExecuter
instanceKlass org/gradle/api/internal/tasks/execution/ResolveTaskExecutionModeExecuter
instanceKlass org/gradle/api/internal/tasks/execution/FinalizePropertiesTaskExecuter
instanceKlass org/gradle/api/internal/tasks/execution/CleanupStaleOutputsExecuter
instanceKlass org/gradle/api/internal/tasks/TaskExecuterResult
instanceKlass org/gradle/api/internal/tasks/execution/ExecuteActionsTaskExecuter
instanceKlass org/gradle/normalization/internal/DefaultRuntimeClasspathNormalization$DefaultPropertiesFileFilter$$Lambda$1165
instanceKlass org/gradle/normalization/internal/DefaultRuntimeClasspathNormalization$EvaluatableFilter$$Lambda$1164
instanceKlass org/gradle/normalization/internal/InputNormalizationHandlerInternal$CachedState
instanceKlass org/gradle/normalization/internal/DefaultInputNormalizationHandler
instanceKlass org/gradle/normalization/internal/DefaultRuntimeClasspathNormalization$DefaultPropertiesFileFilter$$Lambda$1163
instanceKlass org/gradle/normalization/internal/DefaultRuntimeClasspathNormalization$$Lambda$1162
instanceKlass org/gradle/api/internal/changedetection/state/IgnoringResourceEntryFilter
instanceKlass org/gradle/normalization/internal/DefaultRuntimeClasspathNormalization$EvaluatableFilter$$Lambda$1161
instanceKlass org/gradle/normalization/internal/DefaultRuntimeClasspathNormalization$$Lambda$1160
instanceKlass org/gradle/api/internal/changedetection/state/IgnoringResourceFilter
instanceKlass org/gradle/normalization/internal/DefaultRuntimeClasspathNormalization$RuntimeMetaInfNormalization
instanceKlass org/gradle/normalization/PropertiesFileNormalization
instanceKlass org/gradle/normalization/internal/DefaultRuntimeClasspathNormalization$DefaultPropertiesFileFilter
instanceKlass org/gradle/normalization/internal/DefaultRuntimeClasspathNormalization$EvaluatableFilter
instanceKlass org/gradle/normalization/internal/RuntimeClasspathNormalizationInternal$CachedState
instanceKlass org/gradle/normalization/MetaInfNormalization
instanceKlass org/gradle/normalization/internal/DefaultRuntimeClasspathNormalization
instanceKlass org/gradle/api/internal/changedetection/changes/DefaultTaskExecutionModeResolver
instanceKlass org/gradle/api/internal/tasks/execution/DefaultTaskCacheabilityResolver
instanceKlass org/gradle/internal/file/DefaultReservedFileSystemLocationRegistry$$Lambda$1159
instanceKlass org/gradle/internal/file/DefaultReservedFileSystemLocationRegistry$$Lambda$1158
instanceKlass org/gradle/internal/file/DefaultReservedFileSystemLocationRegistry
instanceKlass org/gradle/api/internal/artifacts/transform/MutableTransformationWorkspaceServices$MutableTransformationWorkspaceProvider
instanceKlass org/gradle/execution/plan/LocalTaskNodeExecutor$$Lambda$1157
instanceKlass org/gradle/api/internal/tasks/TaskExecutionContext$ValidationAction
instanceKlass org/gradle/api/internal/tasks/execution/DefaultTaskExecutionContext
instanceKlass org/gradle/execution/plan/ValuedVfsHierarchy$2
instanceKlass org/gradle/execution/plan/ExecutionNodeAccessHierarchy$DefaultNodeAccess
instanceKlass org/gradle/execution/plan/ExecutionNodeAccessHierarchy$NodeAccess
instanceKlass org/gradle/execution/plan/DefaultExecutionPlan$$Lambda$1156
instanceKlass org/gradle/execution/plan/DefaultExecutionPlan$$Lambda$1155
instanceKlass org/gradle/execution/plan/DefaultExecutionPlan$$Lambda$1154
instanceKlass org/gradle/execution/plan/DefaultPlanExecutor$ExecutorWorker$$Lambda$1153
instanceKlass org/gradle/execution/plan/DefaultNodeValidator$$Lambda$1152
instanceKlass org/gradle/execution/plan/DefaultNodeValidator$$Lambda$1151
instanceKlass org/gradle/problems/BaseProblem
instanceKlass org/gradle/problems/Problem
instanceKlass org/gradle/problems/WithDocumentationLink
instanceKlass org/gradle/problems/WithDescription
instanceKlass org/gradle/problems/WithId
instanceKlass org/gradle/internal/reflect/ProblemRecordingTypeValidationContext
instanceKlass org/gradle/internal/execution/impl/DefaultWorkValidationContext$$Lambda$1150
instanceKlass org/gradle/execution/plan/LocalTaskNode$$Lambda$1149
instanceKlass org/gradle/execution/plan/LocalTaskNode$$Lambda$1148
instanceKlass org/gradle/execution/plan/LocalTaskNode$$Lambda$1147
instanceKlass org/gradle/api/internal/tasks/properties/ValidationActions$7
instanceKlass org/gradle/api/internal/tasks/properties/AbstractValidatingProperty
instanceKlass org/gradle/api/internal/tasks/properties/ValidatingProperty
instanceKlass org/gradle/api/internal/tasks/properties/LifecycleAwareValue
instanceKlass org/gradle/api/internal/tasks/properties/InputPropertySpec
instanceKlass org/gradle/api/internal/tasks/properties/CompositePropertyVisitor
instanceKlass org/gradle/api/internal/tasks/properties/OutputUnpacker$UnpackedOutputConsumer$1
instanceKlass org/gradle/api/internal/tasks/properties/DefaultTaskProperties
instanceKlass org/gradle/api/internal/tasks/properties/TaskProperties
instanceKlass org/gradle/api/execution/TaskActionListener
instanceKlass org/gradle/api/internal/tasks/TaskExecuter
instanceKlass org/gradle/api/internal/changedetection/TaskExecutionModeResolver
instanceKlass org/gradle/internal/file/ReservedFileSystemLocationRegistry
instanceKlass org/gradle/api/internal/tasks/execution/TaskCacheabilityResolver
instanceKlass org/gradle/execution/ProjectExecutionServiceRegistry$DefaultNodeExecutionContext
instanceKlass org/gradle/execution/plan/DefaultPlanExecutor$WorkItem
instanceKlass org/gradle/execution/plan/WorkSource$Selection
instanceKlass org/gradle/execution/plan/DefaultExecutionPlan$$Lambda$1146
instanceKlass org/gradle/execution/plan/DefaultPlanExecutor$ExecutorWorker$$Lambda$1145
instanceKlass org/gradle/execution/plan/DefaultPlanExecutor$ExecutorWorker
instanceKlass org/gradle/execution/plan/DefaultPlanExecutor$MergedQueues$$Lambda$1144
